<?xml version="1.0" encoding="UTF-8"?>
<!-- Generated by org.testng.reporters.JUnitXMLReporter -->
<testsuite ignored="0" hostname="anotsek-rj-krakow" failures="17" tests="17" name="Surefire test" time="12.403" errors="0" timestamp="19 Nov 2018 12:38:57 GMT">
  <testcase classname="NegativeCurrencyTest" name="incorrectCurrentAverageExchangeRateTest" time="3.795">
    <failure type="java.lang.AssertionError" message="The following asserts failed:
	expected [400] but found [404],
	expected [true] but found [false]">
      <![CDATA[java.lang.AssertionError: The following asserts failed:
expected [400] but found [404],
expected [true] but found [false]
at NegativeCurrencyTest.incorrectCurrentAverageExchangeRateTest(NegativeCurrencyTest.java:19)
... Removed 30 stack frames]]>
    </failure>
  </testcase> <!-- incorrectCurrentAverageExchangeRateTest -->
  <testcase classname="NegativeCurrencyTest" name="incorrectCurrentAverageExchangeRateTest" time="0.129">
    <failure type="java.lang.AssertionError" message="The following asserts failed:
	expected [400] but found [404],
	expected [true] but found [false],
	expected [400] but found [404],
	expected [true] but found [false]">
      <![CDATA[java.lang.AssertionError: The following asserts failed:
expected [400] but found [404],
expected [true] but found [false],
expected [400] but found [404],
expected [true] but found [false]
at NegativeCurrencyTest.incorrectCurrentAverageExchangeRateTest(NegativeCurrencyTest.java:19)
... Removed 30 stack frames]]>
    </failure>
  </testcase> <!-- incorrectCurrentAverageExchangeRateTest -->
  <testcase classname="NegativeCurrencyTest" name="incorrectCurrentAverageExchangeRateTest" time="0.151">
    <failure type="java.lang.AssertionError" message="The following asserts failed:
	expected [400] but found [404],
	expected [true] but found [false],
	expected [400] but found [404],
	expected [true] but found [false]">
      <![CDATA[java.lang.AssertionError: The following asserts failed:
expected [400] but found [404],
expected [true] but found [false],
expected [400] but found [404],
expected [true] but found [false]
at NegativeCurrencyTest.incorrectCurrentAverageExchangeRateTest(NegativeCurrencyTest.java:19)
... Removed 30 stack frames]]>
    </failure>
  </testcase> <!-- incorrectCurrentAverageExchangeRateTest -->
  <testcase classname="NegativeCurrencyTest" name="incorrectCurrentAverageExchangeRateTest" time="0.182">
    <failure type="java.lang.AssertionError" message="The following asserts failed:
	expected [400] but found [404],
	expected [true] but found [false],
	expected [400] but found [404],
	expected [true] but found [false],
	expected [400] but found [404],
	expected [true] but found [false]">
      <![CDATA[java.lang.AssertionError: The following asserts failed:
expected [400] but found [404],
expected [true] but found [false],
expected [400] but found [404],
expected [true] but found [false],
expected [400] but found [404],
expected [true] but found [false]
at NegativeCurrencyTest.incorrectCurrentAverageExchangeRateTest(NegativeCurrencyTest.java:19)
... Removed 30 stack frames]]>
    </failure>
  </testcase> <!-- incorrectCurrentAverageExchangeRateTest -->
  <testcase classname="NegativeCurrencyTest" name="incorrectCurrentAverageExchangeRateTest" time="0.126">
    <failure type="java.lang.AssertionError" message="The following asserts failed:
	expected [400] but found [404],
	expected [true] but found [false],
	expected [400] but found [404],
	expected [true] but found [false],
	expected [400] but found [404],
	expected [true] but found [false],
	expected [400] but found [404],
	expected [true] but found [false]">
      <![CDATA[java.lang.AssertionError: The following asserts failed:
expected [400] but found [404],
expected [true] but found [false],
expected [400] but found [404],
expected [true] but found [false],
expected [400] but found [404],
expected [true] but found [false],
expected [400] but found [404],
expected [true] but found [false]
at NegativeCurrencyTest.incorrectCurrentAverageExchangeRateTest(NegativeCurrencyTest.java:19)
... Removed 30 stack frames]]>
    </failure>
  </testcase> <!-- incorrectCurrentAverageExchangeRateTest -->
  <testcase classname="NegativeCurrencyTest" name="incorrectCurrentAverageExchangeRateTest" time="0.171">
    <failure type="java.lang.AssertionError" message="The following asserts failed:
	expected [400] but found [404],
	expected [true] but found [false],
	expected [400] but found [404],
	expected [true] but found [false],
	expected [400] but found [404],
	expected [true] but found [false],
	expected [400] but found [404],
	expected [true] but found [false],
	expected [400] but found [404],
	expected [true] but found [false]">
      <![CDATA[java.lang.AssertionError: The following asserts failed:
expected [400] but found [404],
expected [true] but found [false],
expected [400] but found [404],
expected [true] but found [false],
expected [400] but found [404],
expected [true] but found [false],
expected [400] but found [404],
expected [true] but found [false],
expected [400] but found [404],
expected [true] but found [false]
at NegativeCurrencyTest.incorrectCurrentAverageExchangeRateTest(NegativeCurrencyTest.java:19)
... Removed 30 stack frames]]>
    </failure>
  </testcase> <!-- incorrectCurrentAverageExchangeRateTest -->
  <testcase classname="NegativeCurrencyTest" name="incorrectCurrentAverageExchangeRateTest" time="0.137">
    <failure type="java.lang.AssertionError" message="The following asserts failed:
	expected [400] but found [404],
	expected [true] but found [false],
	expected [400] but found [404],
	expected [true] but found [false],
	expected [400] but found [404],
	expected [true] but found [false],
	expected [400] but found [404],
	expected [true] but found [false],
	expected [400] but found [404],
	expected [true] but found [false],
	expected [400] but found [404],
	expected [true] but found [false]">
      <![CDATA[java.lang.AssertionError: The following asserts failed:
expected [400] but found [404],
expected [true] but found [false],
expected [400] but found [404],
expected [true] but found [false],
expected [400] but found [404],
expected [true] but found [false],
expected [400] but found [404],
expected [true] but found [false],
expected [400] but found [404],
expected [true] but found [false],
expected [400] but found [404],
expected [true] but found [false]
at NegativeCurrencyTest.incorrectCurrentAverageExchangeRateTest(NegativeCurrencyTest.java:19)
... Removed 30 stack frames]]>
    </failure>
  </testcase> <!-- incorrectCurrentAverageExchangeRateTest -->
  <testcase classname="NegativeCurrencyTest" name="incorrectCurrentAverageExchangeRateTest" time="0.17">
    <failure type="java.lang.AssertionError" message="The following asserts failed:
	expected [400] but found [404],
	expected [true] but found [false],
	expected [400] but found [404],
	expected [true] but found [false],
	expected [400] but found [404],
	expected [true] but found [false],
	expected [400] but found [404],
	expected [true] but found [false],
	expected [400] but found [404],
	expected [true] but found [false],
	expected [400] but found [404],
	expected [true] but found [false],
	expected [400] but found [404],
	expected [true] but found [false]">
      <![CDATA[java.lang.AssertionError: The following asserts failed:
expected [400] but found [404],
expected [true] but found [false],
expected [400] but found [404],
expected [true] but found [false],
expected [400] but found [404],
expected [true] but found [false],
expected [400] but found [404],
expected [true] but found [false],
expected [400] but found [404],
expected [true] but found [false],
expected [400] but found [404],
expected [true] but found [false],
expected [400] but found [404],
expected [true] but found [false]
at NegativeCurrencyTest.incorrectCurrentAverageExchangeRateTest(NegativeCurrencyTest.java:19)
... Removed 30 stack frames]]>
    </failure>
  </testcase> <!-- incorrectCurrentAverageExchangeRateTest -->
  <testcase classname="NegativeCurrencyTest" name="incorrectCurrentAverageExchangeRateTest" time="0.151">
    <failure type="java.lang.AssertionError" message="The following asserts failed:
	expected [400] but found [404],
	expected [true] but found [false],
	expected [400] but found [404],
	expected [true] but found [false],
	expected [400] but found [404],
	expected [true] but found [false],
	expected [400] but found [404],
	expected [true] but found [false],
	expected [400] but found [404],
	expected [true] but found [false],
	expected [400] but found [404],
	expected [true] but found [false],
	expected [400] but found [404],
	expected [true] but found [false],
	expected [400] but found [404],
	expected [true] but found [false]">
      <![CDATA[java.lang.AssertionError: The following asserts failed:
expected [400] but found [404],
expected [true] but found [false],
expected [400] but found [404],
expected [true] but found [false],
expected [400] but found [404],
expected [true] but found [false],
expected [400] but found [404],
expected [true] but found [false],
expected [400] but found [404],
expected [true] but found [false],
expected [400] but found [404],
expected [true] but found [false],
expected [400] but found [404],
expected [true] but found [false],
expected [400] but found [404],
expected [true] but found [false]
at NegativeCurrencyTest.incorrectCurrentAverageExchangeRateTest(NegativeCurrencyTest.java:19)
... Removed 30 stack frames]]>
    </failure>
  </testcase> <!-- incorrectCurrentAverageExchangeRateTest -->
  <testcase classname="NegativeCurrencyTest" name="incorrectCurrentAverageExchangeRateTest" time="0.132">
    <failure type="java.lang.AssertionError" message="The following asserts failed:
	expected [400] but found [404],
	expected [true] but found [false],
	expected [400] but found [404],
	expected [true] but found [false],
	expected [400] but found [404],
	expected [true] but found [false],
	expected [400] but found [404],
	expected [true] but found [false],
	expected [400] but found [404],
	expected [true] but found [false],
	expected [400] but found [404],
	expected [true] but found [false],
	expected [400] but found [404],
	expected [true] but found [false],
	expected [400] but found [404],
	expected [true] but found [false],
	expected [400] but found [404],
	expected [true] but found [false]">
      <![CDATA[java.lang.AssertionError: The following asserts failed:
expected [400] but found [404],
expected [true] but found [false],
expected [400] but found [404],
expected [true] but found [false],
expected [400] but found [404],
expected [true] but found [false],
expected [400] but found [404],
expected [true] but found [false],
expected [400] but found [404],
expected [true] but found [false],
expected [400] but found [404],
expected [true] but found [false],
expected [400] but found [404],
expected [true] but found [false],
expected [400] but found [404],
expected [true] but found [false],
expected [400] but found [404],
expected [true] but found [false]
at NegativeCurrencyTest.incorrectCurrentAverageExchangeRateTest(NegativeCurrencyTest.java:19)
... Removed 30 stack frames]]>
    </failure>
  </testcase> <!-- incorrectCurrentAverageExchangeRateTest -->
  <testcase classname="NegativeCurrencyTest" name="incorrectCurrentAverageExchangeRateTest" time="0.129">
    <failure type="java.lang.AssertionError" message="The following asserts failed:
	expected [400] but found [404],
	expected [true] but found [false],
	expected [400] but found [404],
	expected [true] but found [false],
	expected [400] but found [404],
	expected [true] but found [false],
	expected [400] but found [404],
	expected [true] but found [false],
	expected [400] but found [404],
	expected [true] but found [false],
	expected [400] but found [404],
	expected [true] but found [false],
	expected [400] but found [404],
	expected [true] but found [false],
	expected [400] but found [404],
	expected [true] but found [false],
	expected [400] but found [404],
	expected [true] but found [false],
	expected [400] but found [404],
	expected [true] but found [false]">
      <![CDATA[java.lang.AssertionError: The following asserts failed:
expected [400] but found [404],
expected [true] but found [false],
expected [400] but found [404],
expected [true] but found [false],
expected [400] but found [404],
expected [true] but found [false],
expected [400] but found [404],
expected [true] but found [false],
expected [400] but found [404],
expected [true] but found [false],
expected [400] but found [404],
expected [true] but found [false],
expected [400] but found [404],
expected [true] but found [false],
expected [400] but found [404],
expected [true] but found [false],
expected [400] but found [404],
expected [true] but found [false],
expected [400] but found [404],
expected [true] but found [false]
at NegativeCurrencyTest.incorrectCurrentAverageExchangeRateTest(NegativeCurrencyTest.java:19)
... Removed 30 stack frames]]>
    </failure>
  </testcase> <!-- incorrectCurrentAverageExchangeRateTest -->
  <testcase classname="NegativeCurrencyTest" name="incorrectCurrentAverageExchangeRateTest" time="0.138">
    <failure type="java.lang.AssertionError" message="The following asserts failed:
	expected [400] but found [404],
	expected [true] but found [false],
	expected [400] but found [404],
	expected [true] but found [false],
	expected [400] but found [404],
	expected [true] but found [false],
	expected [400] but found [404],
	expected [true] but found [false],
	expected [400] but found [404],
	expected [true] but found [false],
	expected [400] but found [404],
	expected [true] but found [false],
	expected [400] but found [404],
	expected [true] but found [false],
	expected [400] but found [404],
	expected [true] but found [false],
	expected [400] but found [404],
	expected [true] but found [false],
	expected [400] but found [404],
	expected [true] but found [false],
	expected [400] but found [404],
	expected [true] but found [false]">
      <![CDATA[java.lang.AssertionError: The following asserts failed:
expected [400] but found [404],
expected [true] but found [false],
expected [400] but found [404],
expected [true] but found [false],
expected [400] but found [404],
expected [true] but found [false],
expected [400] but found [404],
expected [true] but found [false],
expected [400] but found [404],
expected [true] but found [false],
expected [400] but found [404],
expected [true] but found [false],
expected [400] but found [404],
expected [true] but found [false],
expected [400] but found [404],
expected [true] but found [false],
expected [400] but found [404],
expected [true] but found [false],
expected [400] but found [404],
expected [true] but found [false],
expected [400] but found [404],
expected [true] but found [false]
at NegativeCurrencyTest.incorrectCurrentAverageExchangeRateTest(NegativeCurrencyTest.java:19)
... Removed 30 stack frames]]>
    </failure>
  </testcase> <!-- incorrectCurrentAverageExchangeRateTest -->
  <testcase classname="PositiveCurrencyTest" name="currentAverageExchangeRateTest" time="3.758">
    <failure type="com.fasterxml.jackson.core.JsonParseException" message="Unexpected character (&amp;apos;﻿&amp;apos; (code 65279 / 0xfeff)): expected a valid value (number, String, array, object, &amp;apos;true&amp;apos;, &amp;apos;false&amp;apos; or &amp;apos;null&amp;apos;)
 at [Source: (String)&amp;quot;﻿404 NotFound&amp;quot;; line: 1, column: 2]">
      <![CDATA[com.fasterxml.jackson.core.JsonParseException: Unexpected character ('﻿' (code 65279 / 0xfeff)): expected a valid value (number, String, array, object, 'true', 'false' or 'null')
 at [Source: (String)"﻿404 NotFound"; line: 1, column: 2]
at com.fasterxml.jackson.core.JsonParser._constructError(JsonParser.java:1804)
at com.fasterxml.jackson.core.base.ParserMinimalBase._reportError(ParserMinimalBase.java:669)
at com.fasterxml.jackson.core.base.ParserMinimalBase._reportUnexpectedChar(ParserMinimalBase.java:567)
at com.fasterxml.jackson.core.json.ReaderBasedJsonParser._handleOddValue(ReaderBasedJsonParser.java:1894)
at com.fasterxml.jackson.core.json.ReaderBasedJsonParser.nextToken(ReaderBasedJsonParser.java:749)
at com.fasterxml.jackson.databind.ObjectMapper._initForReading(ObjectMapper.java:4141)
at com.fasterxml.jackson.databind.ObjectMapper._readMapAndClose(ObjectMapper.java:4000)
at com.fasterxml.jackson.databind.ObjectMapper.readValue(ObjectMapper.java:3004)
at PositiveCurrencyTest.currentAverageExchangeRateTest(PositiveCurrencyTest.java:27)
... Removed 29 stack frames]]>
    </failure>
  </testcase> <!-- currentAverageExchangeRateTest -->
  <testcase classname="PositiveCurrencyTest" name="currentAverageExchangeRateTest" time="0.13">
    <failure type="com.fasterxml.jackson.core.JsonParseException" message="Unexpected character (&amp;apos;﻿&amp;apos; (code 65279 / 0xfeff)): expected a valid value (number, String, array, object, &amp;apos;true&amp;apos;, &amp;apos;false&amp;apos; or &amp;apos;null&amp;apos;)
 at [Source: (String)&amp;quot;﻿404 NotFound&amp;quot;; line: 1, column: 2]">
      <![CDATA[com.fasterxml.jackson.core.JsonParseException: Unexpected character ('﻿' (code 65279 / 0xfeff)): expected a valid value (number, String, array, object, 'true', 'false' or 'null')
 at [Source: (String)"﻿404 NotFound"; line: 1, column: 2]
at com.fasterxml.jackson.core.JsonParser._constructError(JsonParser.java:1804)
at com.fasterxml.jackson.core.base.ParserMinimalBase._reportError(ParserMinimalBase.java:669)
at com.fasterxml.jackson.core.base.ParserMinimalBase._reportUnexpectedChar(ParserMinimalBase.java:567)
at com.fasterxml.jackson.core.json.ReaderBasedJsonParser._handleOddValue(ReaderBasedJsonParser.java:1894)
at com.fasterxml.jackson.core.json.ReaderBasedJsonParser.nextToken(ReaderBasedJsonParser.java:749)
at com.fasterxml.jackson.databind.ObjectMapper._initForReading(ObjectMapper.java:4141)
at com.fasterxml.jackson.databind.ObjectMapper._readMapAndClose(ObjectMapper.java:4000)
at com.fasterxml.jackson.databind.ObjectMapper.readValue(ObjectMapper.java:3004)
at PositiveCurrencyTest.currentAverageExchangeRateTest(PositiveCurrencyTest.java:27)
... Removed 29 stack frames]]>
    </failure>
  </testcase> <!-- currentAverageExchangeRateTest -->
  <testcase classname="PositiveCurrencyTest" name="currentAverageExchangeRateTest" time="2.204">
    <failure type="com.fasterxml.jackson.core.JsonParseException" message="Unexpected character (&amp;apos;﻿&amp;apos; (code 65279 / 0xfeff)): expected a valid value (number, String, array, object, &amp;apos;true&amp;apos;, &amp;apos;false&amp;apos; or &amp;apos;null&amp;apos;)
 at [Source: (String)&amp;quot;﻿404 NotFound&amp;quot;; line: 1, column: 2]">
      <![CDATA[com.fasterxml.jackson.core.JsonParseException: Unexpected character ('﻿' (code 65279 / 0xfeff)): expected a valid value (number, String, array, object, 'true', 'false' or 'null')
 at [Source: (String)"﻿404 NotFound"; line: 1, column: 2]
at com.fasterxml.jackson.core.JsonParser._constructError(JsonParser.java:1804)
at com.fasterxml.jackson.core.base.ParserMinimalBase._reportError(ParserMinimalBase.java:669)
at com.fasterxml.jackson.core.base.ParserMinimalBase._reportUnexpectedChar(ParserMinimalBase.java:567)
at com.fasterxml.jackson.core.json.ReaderBasedJsonParser._handleOddValue(ReaderBasedJsonParser.java:1894)
at com.fasterxml.jackson.core.json.ReaderBasedJsonParser.nextToken(ReaderBasedJsonParser.java:749)
at com.fasterxml.jackson.databind.ObjectMapper._initForReading(ObjectMapper.java:4141)
at com.fasterxml.jackson.databind.ObjectMapper._readMapAndClose(ObjectMapper.java:4000)
at com.fasterxml.jackson.databind.ObjectMapper.readValue(ObjectMapper.java:3004)
at PositiveCurrencyTest.currentAverageExchangeRateTest(PositiveCurrencyTest.java:27)
... Removed 29 stack frames]]>
    </failure>
  </testcase> <!-- currentAverageExchangeRateTest -->
  <testcase classname="PositiveCurrencyTest" name="currentAverageExchangeRateTest" time="0.467">
    <failure type="com.fasterxml.jackson.core.JsonParseException" message="Unexpected character (&amp;apos;﻿&amp;apos; (code 65279 / 0xfeff)): expected a valid value (number, String, array, object, &amp;apos;true&amp;apos;, &amp;apos;false&amp;apos; or &amp;apos;null&amp;apos;)
 at [Source: (String)&amp;quot;﻿404 NotFound&amp;quot;; line: 1, column: 2]">
      <![CDATA[com.fasterxml.jackson.core.JsonParseException: Unexpected character ('﻿' (code 65279 / 0xfeff)): expected a valid value (number, String, array, object, 'true', 'false' or 'null')
 at [Source: (String)"﻿404 NotFound"; line: 1, column: 2]
at com.fasterxml.jackson.core.JsonParser._constructError(JsonParser.java:1804)
at com.fasterxml.jackson.core.base.ParserMinimalBase._reportError(ParserMinimalBase.java:669)
at com.fasterxml.jackson.core.base.ParserMinimalBase._reportUnexpectedChar(ParserMinimalBase.java:567)
at com.fasterxml.jackson.core.json.ReaderBasedJsonParser._handleOddValue(ReaderBasedJsonParser.java:1894)
at com.fasterxml.jackson.core.json.ReaderBasedJsonParser.nextToken(ReaderBasedJsonParser.java:749)
at com.fasterxml.jackson.databind.ObjectMapper._initForReading(ObjectMapper.java:4141)
at com.fasterxml.jackson.databind.ObjectMapper._readMapAndClose(ObjectMapper.java:4000)
at com.fasterxml.jackson.databind.ObjectMapper.readValue(ObjectMapper.java:3004)
at PositiveCurrencyTest.currentAverageExchangeRateTest(PositiveCurrencyTest.java:27)
... Removed 29 stack frames]]>
    </failure>
  </testcase> <!-- currentAverageExchangeRateTest -->
  <testcase classname="PositiveCurrencyTest" name="currentAverageExchangeRateTest" time="0.126">
    <failure type="com.fasterxml.jackson.core.JsonParseException" message="Unexpected character (&amp;apos;﻿&amp;apos; (code 65279 / 0xfeff)): expected a valid value (number, String, array, object, &amp;apos;true&amp;apos;, &amp;apos;false&amp;apos; or &amp;apos;null&amp;apos;)
 at [Source: (String)&amp;quot;﻿404 NotFound&amp;quot;; line: 1, column: 2]">
      <![CDATA[com.fasterxml.jackson.core.JsonParseException: Unexpected character ('﻿' (code 65279 / 0xfeff)): expected a valid value (number, String, array, object, 'true', 'false' or 'null')
 at [Source: (String)"﻿404 NotFound"; line: 1, column: 2]
at com.fasterxml.jackson.core.JsonParser._constructError(JsonParser.java:1804)
at com.fasterxml.jackson.core.base.ParserMinimalBase._reportError(ParserMinimalBase.java:669)
at com.fasterxml.jackson.core.base.ParserMinimalBase._reportUnexpectedChar(ParserMinimalBase.java:567)
at com.fasterxml.jackson.core.json.ReaderBasedJsonParser._handleOddValue(ReaderBasedJsonParser.java:1894)
at com.fasterxml.jackson.core.json.ReaderBasedJsonParser.nextToken(ReaderBasedJsonParser.java:749)
at com.fasterxml.jackson.databind.ObjectMapper._initForReading(ObjectMapper.java:4141)
at com.fasterxml.jackson.databind.ObjectMapper._readMapAndClose(ObjectMapper.java:4000)
at com.fasterxml.jackson.databind.ObjectMapper.readValue(ObjectMapper.java:3004)
at PositiveCurrencyTest.currentAverageExchangeRateTest(PositiveCurrencyTest.java:27)
... Removed 29 stack frames]]>
    </failure>
  </testcase> <!-- currentAverageExchangeRateTest -->
</testsuite> <!-- Surefire test -->
