<html>
<head>
<title>TestNG:  Surefire test</title>
<link href="../testng.css" rel="stylesheet" type="text/css" />
<link href="../my-testng.css" rel="stylesheet" type="text/css" />

<style type="text/css">
.log { display: none;} 
.stack-trace { display: none;} 
</style>
<script type="text/javascript">
<!--
function flip(e) {
  current = e.style.display;
  if (current == 'block') {
    e.style.display = 'none';
    return 0;
  }
  else {
    e.style.display = 'block';
    return 1;
  }
}

function toggleBox(szDivId, elem, msg1, msg2)
{
  var res = -1;  if (document.getElementById) {
    res = flip(document.getElementById(szDivId));
  }
  else if (document.all) {
    // this is the way old msie versions work
    res = flip(document.all[szDivId]);
  }
  if(elem) {
    if(res == 0) elem.innerHTML = msg1; else elem.innerHTML = msg2;
  }

}

function toggleAllBoxes() {
  if (document.getElementsByTagName) {
    d = document.getElementsByTagName('div');
    for (i = 0; i < d.length; i++) {
      if (d[i].className == 'log') {
        flip(d[i]);
      }
    }
  }
}

// -->
</script>

</head>
<body>
<h2 align='center'>Surefire test</h2><table border='1' align="center">
<tr>
<td>Tests passed/Failed/Skipped:</td><td>0/17/0</td>
</tr><tr>
<td>Started on:</td><td>Mon Nov 19 13:38:45 CET 2018</td>
</tr>
<tr><td>Total time:</td><td>12 seconds (12403 ms)</td>
</tr><tr>
<td>Included groups:</td><td></td>
</tr><tr>
<td>Excluded groups:</td><td></td>
</tr>
</table><p/>
<small><i>(Hover the method name to see the test class name)</i></small><p/>
<table width='100%' border='1' class='invocation-failed'>
<tr><td colspan='4' align='center'><b>FAILED TESTS</b></td></tr>
<tr><td><b>Test method</b></td>
<td width="30%"><b>Exception</b></td>
<td width="10%"><b>Time (seconds)</b></td>
<td><b>Instance</b></td>
</tr>
<tr>
<td title='PositiveCurrencyTest.currentAverageExchangeRateTest()'><b>currentAverageExchangeRateTest</b><br>Test class: PositiveCurrencyTest<br>Parameters: a, chf, frank szwajcarski</td>
<td><div><pre>com.fasterxml.jackson.core.JsonParseException: Unexpected character (&apos;﻿&apos; (code 65279 / 0xfeff)): expected a valid value (number, String, array, object, &apos;true&apos;, &apos;false&apos; or &apos;null&apos;)
 at [Source: (String)&quot;﻿404 NotFound&quot;; line: 1, column: 2]
	at com.fasterxml.jackson.core.JsonParser._constructError(JsonParser.java:1804)
	at com.fasterxml.jackson.core.base.ParserMinimalBase._reportError(ParserMinimalBase.java:669)
	at com.fasterxml.jackson.core.base.ParserMinimalBase._reportUnexpectedChar(ParserMinimalBase.java:567)
	at com.fasterxml.jackson.core.json.ReaderBasedJsonParser._handleOddValue(ReaderBasedJsonParser.java:1894)
	at com.fasterxml.jackson.core.json.ReaderBasedJsonParser.nextToken(ReaderBasedJsonParser.java:749)
	at com.fasterxml.jackson.databind.ObjectMapper._initForReading(ObjectMapper.java:4141)
	at com.fasterxml.jackson.databind.ObjectMapper._readMapAndClose(ObjectMapper.java:4000)
	at com.fasterxml.jackson.databind.ObjectMapper.readValue(ObjectMapper.java:3004)
	at PositiveCurrencyTest.currentAverageExchangeRateTest(PositiveCurrencyTest.java:27)
... Removed 29 stack frames</pre></div><a href='#' onClick='toggleBox("stack-trace382522044", this, "Click to show all stack frames", "Click to hide stack frames")'>Click to show all stack frames</a>
<div class='stack-trace' id='stack-trace382522044'><pre>com.fasterxml.jackson.core.JsonParseException: Unexpected character (&apos;﻿&apos; (code 65279 / 0xfeff)): expected a valid value (number, String, array, object, &apos;true&apos;, &apos;false&apos; or &apos;null&apos;)
 at [Source: (String)&quot;﻿404 NotFound&quot;; line: 1, column: 2]
	at com.fasterxml.jackson.core.JsonParser._constructError(JsonParser.java:1804)
	at com.fasterxml.jackson.core.base.ParserMinimalBase._reportError(ParserMinimalBase.java:669)
	at com.fasterxml.jackson.core.base.ParserMinimalBase._reportUnexpectedChar(ParserMinimalBase.java:567)
	at com.fasterxml.jackson.core.json.ReaderBasedJsonParser._handleOddValue(ReaderBasedJsonParser.java:1894)
	at com.fasterxml.jackson.core.json.ReaderBasedJsonParser.nextToken(ReaderBasedJsonParser.java:749)
	at com.fasterxml.jackson.databind.ObjectMapper._initForReading(ObjectMapper.java:4141)
	at com.fasterxml.jackson.databind.ObjectMapper._readMapAndClose(ObjectMapper.java:4000)
	at com.fasterxml.jackson.databind.ObjectMapper.readValue(ObjectMapper.java:3004)
	at PositiveCurrencyTest.currentAverageExchangeRateTest(PositiveCurrencyTest.java:27)
	at java.base/jdk.internal.reflect.NativeMethodAccessorImpl.invoke0(Native Method)
	at java.base/jdk.internal.reflect.NativeMethodAccessorImpl.invoke(NativeMethodAccessorImpl.java:62)
	at java.base/jdk.internal.reflect.DelegatingMethodAccessorImpl.invoke(DelegatingMethodAccessorImpl.java:43)
	at java.base/java.lang.reflect.Method.invoke(Method.java:566)
	at org.testng.internal.MethodInvocationHelper.invokeMethod(MethodInvocationHelper.java:124)
	at org.testng.internal.Invoker.invokeMethod(Invoker.java:583)
	at org.testng.internal.Invoker.invokeTestMethod(Invoker.java:719)
	at org.testng.internal.Invoker.invokeTestMethods(Invoker.java:989)
	at org.testng.internal.TestMethodWorker.invokeTestMethods(TestMethodWorker.java:125)
	at org.testng.internal.TestMethodWorker.run(TestMethodWorker.java:109)
	at org.testng.TestRunner.privateRun(TestRunner.java:648)
	at org.testng.TestRunner.run(TestRunner.java:505)
	at org.testng.SuiteRunner.runTest(SuiteRunner.java:455)
	at org.testng.SuiteRunner.runSequentially(SuiteRunner.java:450)
	at org.testng.SuiteRunner.privateRun(SuiteRunner.java:415)
	at org.testng.SuiteRunner.run(SuiteRunner.java:364)
	at org.testng.SuiteRunnerWorker.runSuite(SuiteRunnerWorker.java:52)
	at org.testng.SuiteRunnerWorker.run(SuiteRunnerWorker.java:84)
	at org.testng.TestNG.runSuitesSequentially(TestNG.java:1208)
	at org.testng.TestNG.runSuitesLocally(TestNG.java:1137)
	at org.testng.TestNG.runSuites(TestNG.java:1049)
	at org.testng.TestNG.run(TestNG.java:1017)
	at org.apache.maven.surefire.testng.TestNGExecutor.run(TestNGExecutor.java:115)
	at org.apache.maven.surefire.testng.TestNGDirectoryTestSuite.executeMulti(TestNGDirectoryTestSuite.java:205)
	at org.apache.maven.surefire.testng.TestNGDirectoryTestSuite.execute(TestNGDirectoryTestSuite.java:108)
	at org.apache.maven.surefire.testng.TestNGProvider.invoke(TestNGProvider.java:111)
	at org.apache.maven.surefire.booter.ForkedBooter.invokeProviderInSameClassLoader(ForkedBooter.java:203)
	at org.apache.maven.surefire.booter.ForkedBooter.runSuitesInProcess(ForkedBooter.java:155)
	at org.apache.maven.surefire.booter.ForkedBooter.main(ForkedBooter.java:103)
</pre></div></td>
<td>3</td>
<td>PositiveCurrencyTest@408a247c</td></tr>
<tr>
<td title='PositiveCurrencyTest.currentAverageExchangeRateTest()'><b>currentAverageExchangeRateTest</b><br>Test class: PositiveCurrencyTest<br>Parameters: a, usd, dolar amerykański</td>
<td><div><pre>com.fasterxml.jackson.core.JsonParseException: Unexpected character (&apos;﻿&apos; (code 65279 / 0xfeff)): expected a valid value (number, String, array, object, &apos;true&apos;, &apos;false&apos; or &apos;null&apos;)
 at [Source: (String)&quot;﻿404 NotFound&quot;; line: 1, column: 2]
	at com.fasterxml.jackson.core.JsonParser._constructError(JsonParser.java:1804)
	at com.fasterxml.jackson.core.base.ParserMinimalBase._reportError(ParserMinimalBase.java:669)
	at com.fasterxml.jackson.core.base.ParserMinimalBase._reportUnexpectedChar(ParserMinimalBase.java:567)
	at com.fasterxml.jackson.core.json.ReaderBasedJsonParser._handleOddValue(ReaderBasedJsonParser.java:1894)
	at com.fasterxml.jackson.core.json.ReaderBasedJsonParser.nextToken(ReaderBasedJsonParser.java:749)
	at com.fasterxml.jackson.databind.ObjectMapper._initForReading(ObjectMapper.java:4141)
	at com.fasterxml.jackson.databind.ObjectMapper._readMapAndClose(ObjectMapper.java:4000)
	at com.fasterxml.jackson.databind.ObjectMapper.readValue(ObjectMapper.java:3004)
	at PositiveCurrencyTest.currentAverageExchangeRateTest(PositiveCurrencyTest.java:27)
... Removed 29 stack frames</pre></div><a href='#' onClick='toggleBox("stack-trace166003331", this, "Click to show all stack frames", "Click to hide stack frames")'>Click to show all stack frames</a>
<div class='stack-trace' id='stack-trace166003331'><pre>com.fasterxml.jackson.core.JsonParseException: Unexpected character (&apos;﻿&apos; (code 65279 / 0xfeff)): expected a valid value (number, String, array, object, &apos;true&apos;, &apos;false&apos; or &apos;null&apos;)
 at [Source: (String)&quot;﻿404 NotFound&quot;; line: 1, column: 2]
	at com.fasterxml.jackson.core.JsonParser._constructError(JsonParser.java:1804)
	at com.fasterxml.jackson.core.base.ParserMinimalBase._reportError(ParserMinimalBase.java:669)
	at com.fasterxml.jackson.core.base.ParserMinimalBase._reportUnexpectedChar(ParserMinimalBase.java:567)
	at com.fasterxml.jackson.core.json.ReaderBasedJsonParser._handleOddValue(ReaderBasedJsonParser.java:1894)
	at com.fasterxml.jackson.core.json.ReaderBasedJsonParser.nextToken(ReaderBasedJsonParser.java:749)
	at com.fasterxml.jackson.databind.ObjectMapper._initForReading(ObjectMapper.java:4141)
	at com.fasterxml.jackson.databind.ObjectMapper._readMapAndClose(ObjectMapper.java:4000)
	at com.fasterxml.jackson.databind.ObjectMapper.readValue(ObjectMapper.java:3004)
	at PositiveCurrencyTest.currentAverageExchangeRateTest(PositiveCurrencyTest.java:27)
	at java.base/jdk.internal.reflect.NativeMethodAccessorImpl.invoke0(Native Method)
	at java.base/jdk.internal.reflect.NativeMethodAccessorImpl.invoke(NativeMethodAccessorImpl.java:62)
	at java.base/jdk.internal.reflect.DelegatingMethodAccessorImpl.invoke(DelegatingMethodAccessorImpl.java:43)
	at java.base/java.lang.reflect.Method.invoke(Method.java:566)
	at org.testng.internal.MethodInvocationHelper.invokeMethod(MethodInvocationHelper.java:124)
	at org.testng.internal.Invoker.invokeMethod(Invoker.java:583)
	at org.testng.internal.Invoker.invokeTestMethod(Invoker.java:719)
	at org.testng.internal.Invoker.invokeTestMethods(Invoker.java:989)
	at org.testng.internal.TestMethodWorker.invokeTestMethods(TestMethodWorker.java:125)
	at org.testng.internal.TestMethodWorker.run(TestMethodWorker.java:109)
	at org.testng.TestRunner.privateRun(TestRunner.java:648)
	at org.testng.TestRunner.run(TestRunner.java:505)
	at org.testng.SuiteRunner.runTest(SuiteRunner.java:455)
	at org.testng.SuiteRunner.runSequentially(SuiteRunner.java:450)
	at org.testng.SuiteRunner.privateRun(SuiteRunner.java:415)
	at org.testng.SuiteRunner.run(SuiteRunner.java:364)
	at org.testng.SuiteRunnerWorker.runSuite(SuiteRunnerWorker.java:52)
	at org.testng.SuiteRunnerWorker.run(SuiteRunnerWorker.java:84)
	at org.testng.TestNG.runSuitesSequentially(TestNG.java:1208)
	at org.testng.TestNG.runSuitesLocally(TestNG.java:1137)
	at org.testng.TestNG.runSuites(TestNG.java:1049)
	at org.testng.TestNG.run(TestNG.java:1017)
	at org.apache.maven.surefire.testng.TestNGExecutor.run(TestNGExecutor.java:115)
	at org.apache.maven.surefire.testng.TestNGDirectoryTestSuite.executeMulti(TestNGDirectoryTestSuite.java:205)
	at org.apache.maven.surefire.testng.TestNGDirectoryTestSuite.execute(TestNGDirectoryTestSuite.java:108)
	at org.apache.maven.surefire.testng.TestNGProvider.invoke(TestNGProvider.java:111)
	at org.apache.maven.surefire.booter.ForkedBooter.invokeProviderInSameClassLoader(ForkedBooter.java:203)
	at org.apache.maven.surefire.booter.ForkedBooter.runSuitesInProcess(ForkedBooter.java:155)
	at org.apache.maven.surefire.booter.ForkedBooter.main(ForkedBooter.java:103)
</pre></div></td>
<td>0</td>
<td>PositiveCurrencyTest@408a247c</td></tr>
<tr>
<td title='PositiveCurrencyTest.currentAverageExchangeRateTest()'><b>currentAverageExchangeRateTest</b><br>Test class: PositiveCurrencyTest<br>Parameters: a, eur, euro</td>
<td><div><pre>com.fasterxml.jackson.core.JsonParseException: Unexpected character (&apos;﻿&apos; (code 65279 / 0xfeff)): expected a valid value (number, String, array, object, &apos;true&apos;, &apos;false&apos; or &apos;null&apos;)
 at [Source: (String)&quot;﻿404 NotFound&quot;; line: 1, column: 2]
	at com.fasterxml.jackson.core.JsonParser._constructError(JsonParser.java:1804)
	at com.fasterxml.jackson.core.base.ParserMinimalBase._reportError(ParserMinimalBase.java:669)
	at com.fasterxml.jackson.core.base.ParserMinimalBase._reportUnexpectedChar(ParserMinimalBase.java:567)
	at com.fasterxml.jackson.core.json.ReaderBasedJsonParser._handleOddValue(ReaderBasedJsonParser.java:1894)
	at com.fasterxml.jackson.core.json.ReaderBasedJsonParser.nextToken(ReaderBasedJsonParser.java:749)
	at com.fasterxml.jackson.databind.ObjectMapper._initForReading(ObjectMapper.java:4141)
	at com.fasterxml.jackson.databind.ObjectMapper._readMapAndClose(ObjectMapper.java:4000)
	at com.fasterxml.jackson.databind.ObjectMapper.readValue(ObjectMapper.java:3004)
	at PositiveCurrencyTest.currentAverageExchangeRateTest(PositiveCurrencyTest.java:27)
... Removed 29 stack frames</pre></div><a href='#' onClick='toggleBox("stack-trace1289218451", this, "Click to show all stack frames", "Click to hide stack frames")'>Click to show all stack frames</a>
<div class='stack-trace' id='stack-trace1289218451'><pre>com.fasterxml.jackson.core.JsonParseException: Unexpected character (&apos;﻿&apos; (code 65279 / 0xfeff)): expected a valid value (number, String, array, object, &apos;true&apos;, &apos;false&apos; or &apos;null&apos;)
 at [Source: (String)&quot;﻿404 NotFound&quot;; line: 1, column: 2]
	at com.fasterxml.jackson.core.JsonParser._constructError(JsonParser.java:1804)
	at com.fasterxml.jackson.core.base.ParserMinimalBase._reportError(ParserMinimalBase.java:669)
	at com.fasterxml.jackson.core.base.ParserMinimalBase._reportUnexpectedChar(ParserMinimalBase.java:567)
	at com.fasterxml.jackson.core.json.ReaderBasedJsonParser._handleOddValue(ReaderBasedJsonParser.java:1894)
	at com.fasterxml.jackson.core.json.ReaderBasedJsonParser.nextToken(ReaderBasedJsonParser.java:749)
	at com.fasterxml.jackson.databind.ObjectMapper._initForReading(ObjectMapper.java:4141)
	at com.fasterxml.jackson.databind.ObjectMapper._readMapAndClose(ObjectMapper.java:4000)
	at com.fasterxml.jackson.databind.ObjectMapper.readValue(ObjectMapper.java:3004)
	at PositiveCurrencyTest.currentAverageExchangeRateTest(PositiveCurrencyTest.java:27)
	at java.base/jdk.internal.reflect.NativeMethodAccessorImpl.invoke0(Native Method)
	at java.base/jdk.internal.reflect.NativeMethodAccessorImpl.invoke(NativeMethodAccessorImpl.java:62)
	at java.base/jdk.internal.reflect.DelegatingMethodAccessorImpl.invoke(DelegatingMethodAccessorImpl.java:43)
	at java.base/java.lang.reflect.Method.invoke(Method.java:566)
	at org.testng.internal.MethodInvocationHelper.invokeMethod(MethodInvocationHelper.java:124)
	at org.testng.internal.Invoker.invokeMethod(Invoker.java:583)
	at org.testng.internal.Invoker.invokeTestMethod(Invoker.java:719)
	at org.testng.internal.Invoker.invokeTestMethods(Invoker.java:989)
	at org.testng.internal.TestMethodWorker.invokeTestMethods(TestMethodWorker.java:125)
	at org.testng.internal.TestMethodWorker.run(TestMethodWorker.java:109)
	at org.testng.TestRunner.privateRun(TestRunner.java:648)
	at org.testng.TestRunner.run(TestRunner.java:505)
	at org.testng.SuiteRunner.runTest(SuiteRunner.java:455)
	at org.testng.SuiteRunner.runSequentially(SuiteRunner.java:450)
	at org.testng.SuiteRunner.privateRun(SuiteRunner.java:415)
	at org.testng.SuiteRunner.run(SuiteRunner.java:364)
	at org.testng.SuiteRunnerWorker.runSuite(SuiteRunnerWorker.java:52)
	at org.testng.SuiteRunnerWorker.run(SuiteRunnerWorker.java:84)
	at org.testng.TestNG.runSuitesSequentially(TestNG.java:1208)
	at org.testng.TestNG.runSuitesLocally(TestNG.java:1137)
	at org.testng.TestNG.runSuites(TestNG.java:1049)
	at org.testng.TestNG.run(TestNG.java:1017)
	at org.apache.maven.surefire.testng.TestNGExecutor.run(TestNGExecutor.java:115)
	at org.apache.maven.surefire.testng.TestNGDirectoryTestSuite.executeMulti(TestNGDirectoryTestSuite.java:205)
	at org.apache.maven.surefire.testng.TestNGDirectoryTestSuite.execute(TestNGDirectoryTestSuite.java:108)
	at org.apache.maven.surefire.testng.TestNGProvider.invoke(TestNGProvider.java:111)
	at org.apache.maven.surefire.booter.ForkedBooter.invokeProviderInSameClassLoader(ForkedBooter.java:203)
	at org.apache.maven.surefire.booter.ForkedBooter.runSuitesInProcess(ForkedBooter.java:155)
	at org.apache.maven.surefire.booter.ForkedBooter.main(ForkedBooter.java:103)
</pre></div></td>
<td>2</td>
<td>PositiveCurrencyTest@408a247c</td></tr>
<tr>
<td title='PositiveCurrencyTest.currentAverageExchangeRateTest()'><b>currentAverageExchangeRateTest</b><br>Test class: PositiveCurrencyTest<br>Parameters: a, rub, rubel rosyjski</td>
<td><div><pre>com.fasterxml.jackson.core.JsonParseException: Unexpected character (&apos;﻿&apos; (code 65279 / 0xfeff)): expected a valid value (number, String, array, object, &apos;true&apos;, &apos;false&apos; or &apos;null&apos;)
 at [Source: (String)&quot;﻿404 NotFound&quot;; line: 1, column: 2]
	at com.fasterxml.jackson.core.JsonParser._constructError(JsonParser.java:1804)
	at com.fasterxml.jackson.core.base.ParserMinimalBase._reportError(ParserMinimalBase.java:669)
	at com.fasterxml.jackson.core.base.ParserMinimalBase._reportUnexpectedChar(ParserMinimalBase.java:567)
	at com.fasterxml.jackson.core.json.ReaderBasedJsonParser._handleOddValue(ReaderBasedJsonParser.java:1894)
	at com.fasterxml.jackson.core.json.ReaderBasedJsonParser.nextToken(ReaderBasedJsonParser.java:749)
	at com.fasterxml.jackson.databind.ObjectMapper._initForReading(ObjectMapper.java:4141)
	at com.fasterxml.jackson.databind.ObjectMapper._readMapAndClose(ObjectMapper.java:4000)
	at com.fasterxml.jackson.databind.ObjectMapper.readValue(ObjectMapper.java:3004)
	at PositiveCurrencyTest.currentAverageExchangeRateTest(PositiveCurrencyTest.java:27)
... Removed 29 stack frames</pre></div><a href='#' onClick='toggleBox("stack-trace1496102000", this, "Click to show all stack frames", "Click to hide stack frames")'>Click to show all stack frames</a>
<div class='stack-trace' id='stack-trace1496102000'><pre>com.fasterxml.jackson.core.JsonParseException: Unexpected character (&apos;﻿&apos; (code 65279 / 0xfeff)): expected a valid value (number, String, array, object, &apos;true&apos;, &apos;false&apos; or &apos;null&apos;)
 at [Source: (String)&quot;﻿404 NotFound&quot;; line: 1, column: 2]
	at com.fasterxml.jackson.core.JsonParser._constructError(JsonParser.java:1804)
	at com.fasterxml.jackson.core.base.ParserMinimalBase._reportError(ParserMinimalBase.java:669)
	at com.fasterxml.jackson.core.base.ParserMinimalBase._reportUnexpectedChar(ParserMinimalBase.java:567)
	at com.fasterxml.jackson.core.json.ReaderBasedJsonParser._handleOddValue(ReaderBasedJsonParser.java:1894)
	at com.fasterxml.jackson.core.json.ReaderBasedJsonParser.nextToken(ReaderBasedJsonParser.java:749)
	at com.fasterxml.jackson.databind.ObjectMapper._initForReading(ObjectMapper.java:4141)
	at com.fasterxml.jackson.databind.ObjectMapper._readMapAndClose(ObjectMapper.java:4000)
	at com.fasterxml.jackson.databind.ObjectMapper.readValue(ObjectMapper.java:3004)
	at PositiveCurrencyTest.currentAverageExchangeRateTest(PositiveCurrencyTest.java:27)
	at java.base/jdk.internal.reflect.NativeMethodAccessorImpl.invoke0(Native Method)
	at java.base/jdk.internal.reflect.NativeMethodAccessorImpl.invoke(NativeMethodAccessorImpl.java:62)
	at java.base/jdk.internal.reflect.DelegatingMethodAccessorImpl.invoke(DelegatingMethodAccessorImpl.java:43)
	at java.base/java.lang.reflect.Method.invoke(Method.java:566)
	at org.testng.internal.MethodInvocationHelper.invokeMethod(MethodInvocationHelper.java:124)
	at org.testng.internal.Invoker.invokeMethod(Invoker.java:583)
	at org.testng.internal.Invoker.invokeTestMethod(Invoker.java:719)
	at org.testng.internal.Invoker.invokeTestMethods(Invoker.java:989)
	at org.testng.internal.TestMethodWorker.invokeTestMethods(TestMethodWorker.java:125)
	at org.testng.internal.TestMethodWorker.run(TestMethodWorker.java:109)
	at org.testng.TestRunner.privateRun(TestRunner.java:648)
	at org.testng.TestRunner.run(TestRunner.java:505)
	at org.testng.SuiteRunner.runTest(SuiteRunner.java:455)
	at org.testng.SuiteRunner.runSequentially(SuiteRunner.java:450)
	at org.testng.SuiteRunner.privateRun(SuiteRunner.java:415)
	at org.testng.SuiteRunner.run(SuiteRunner.java:364)
	at org.testng.SuiteRunnerWorker.runSuite(SuiteRunnerWorker.java:52)
	at org.testng.SuiteRunnerWorker.run(SuiteRunnerWorker.java:84)
	at org.testng.TestNG.runSuitesSequentially(TestNG.java:1208)
	at org.testng.TestNG.runSuitesLocally(TestNG.java:1137)
	at org.testng.TestNG.runSuites(TestNG.java:1049)
	at org.testng.TestNG.run(TestNG.java:1017)
	at org.apache.maven.surefire.testng.TestNGExecutor.run(TestNGExecutor.java:115)
	at org.apache.maven.surefire.testng.TestNGDirectoryTestSuite.executeMulti(TestNGDirectoryTestSuite.java:205)
	at org.apache.maven.surefire.testng.TestNGDirectoryTestSuite.execute(TestNGDirectoryTestSuite.java:108)
	at org.apache.maven.surefire.testng.TestNGProvider.invoke(TestNGProvider.java:111)
	at org.apache.maven.surefire.booter.ForkedBooter.invokeProviderInSameClassLoader(ForkedBooter.java:203)
	at org.apache.maven.surefire.booter.ForkedBooter.runSuitesInProcess(ForkedBooter.java:155)
	at org.apache.maven.surefire.booter.ForkedBooter.main(ForkedBooter.java:103)
</pre></div></td>
<td>0</td>
<td>PositiveCurrencyTest@408a247c</td></tr>
<tr>
<td title='PositiveCurrencyTest.currentAverageExchangeRateTest()'><b>currentAverageExchangeRateTest</b><br>Test class: PositiveCurrencyTest<br>Parameters: a, uah, hrywna (Ukraina)</td>
<td><div><pre>com.fasterxml.jackson.core.JsonParseException: Unexpected character (&apos;﻿&apos; (code 65279 / 0xfeff)): expected a valid value (number, String, array, object, &apos;true&apos;, &apos;false&apos; or &apos;null&apos;)
 at [Source: (String)&quot;﻿404 NotFound&quot;; line: 1, column: 2]
	at com.fasterxml.jackson.core.JsonParser._constructError(JsonParser.java:1804)
	at com.fasterxml.jackson.core.base.ParserMinimalBase._reportError(ParserMinimalBase.java:669)
	at com.fasterxml.jackson.core.base.ParserMinimalBase._reportUnexpectedChar(ParserMinimalBase.java:567)
	at com.fasterxml.jackson.core.json.ReaderBasedJsonParser._handleOddValue(ReaderBasedJsonParser.java:1894)
	at com.fasterxml.jackson.core.json.ReaderBasedJsonParser.nextToken(ReaderBasedJsonParser.java:749)
	at com.fasterxml.jackson.databind.ObjectMapper._initForReading(ObjectMapper.java:4141)
	at com.fasterxml.jackson.databind.ObjectMapper._readMapAndClose(ObjectMapper.java:4000)
	at com.fasterxml.jackson.databind.ObjectMapper.readValue(ObjectMapper.java:3004)
	at PositiveCurrencyTest.currentAverageExchangeRateTest(PositiveCurrencyTest.java:27)
... Removed 29 stack frames</pre></div><a href='#' onClick='toggleBox("stack-trace366451568", this, "Click to show all stack frames", "Click to hide stack frames")'>Click to show all stack frames</a>
<div class='stack-trace' id='stack-trace366451568'><pre>com.fasterxml.jackson.core.JsonParseException: Unexpected character (&apos;﻿&apos; (code 65279 / 0xfeff)): expected a valid value (number, String, array, object, &apos;true&apos;, &apos;false&apos; or &apos;null&apos;)
 at [Source: (String)&quot;﻿404 NotFound&quot;; line: 1, column: 2]
	at com.fasterxml.jackson.core.JsonParser._constructError(JsonParser.java:1804)
	at com.fasterxml.jackson.core.base.ParserMinimalBase._reportError(ParserMinimalBase.java:669)
	at com.fasterxml.jackson.core.base.ParserMinimalBase._reportUnexpectedChar(ParserMinimalBase.java:567)
	at com.fasterxml.jackson.core.json.ReaderBasedJsonParser._handleOddValue(ReaderBasedJsonParser.java:1894)
	at com.fasterxml.jackson.core.json.ReaderBasedJsonParser.nextToken(ReaderBasedJsonParser.java:749)
	at com.fasterxml.jackson.databind.ObjectMapper._initForReading(ObjectMapper.java:4141)
	at com.fasterxml.jackson.databind.ObjectMapper._readMapAndClose(ObjectMapper.java:4000)
	at com.fasterxml.jackson.databind.ObjectMapper.readValue(ObjectMapper.java:3004)
	at PositiveCurrencyTest.currentAverageExchangeRateTest(PositiveCurrencyTest.java:27)
	at java.base/jdk.internal.reflect.NativeMethodAccessorImpl.invoke0(Native Method)
	at java.base/jdk.internal.reflect.NativeMethodAccessorImpl.invoke(NativeMethodAccessorImpl.java:62)
	at java.base/jdk.internal.reflect.DelegatingMethodAccessorImpl.invoke(DelegatingMethodAccessorImpl.java:43)
	at java.base/java.lang.reflect.Method.invoke(Method.java:566)
	at org.testng.internal.MethodInvocationHelper.invokeMethod(MethodInvocationHelper.java:124)
	at org.testng.internal.Invoker.invokeMethod(Invoker.java:583)
	at org.testng.internal.Invoker.invokeTestMethod(Invoker.java:719)
	at org.testng.internal.Invoker.invokeTestMethods(Invoker.java:989)
	at org.testng.internal.TestMethodWorker.invokeTestMethods(TestMethodWorker.java:125)
	at org.testng.internal.TestMethodWorker.run(TestMethodWorker.java:109)
	at org.testng.TestRunner.privateRun(TestRunner.java:648)
	at org.testng.TestRunner.run(TestRunner.java:505)
	at org.testng.SuiteRunner.runTest(SuiteRunner.java:455)
	at org.testng.SuiteRunner.runSequentially(SuiteRunner.java:450)
	at org.testng.SuiteRunner.privateRun(SuiteRunner.java:415)
	at org.testng.SuiteRunner.run(SuiteRunner.java:364)
	at org.testng.SuiteRunnerWorker.runSuite(SuiteRunnerWorker.java:52)
	at org.testng.SuiteRunnerWorker.run(SuiteRunnerWorker.java:84)
	at org.testng.TestNG.runSuitesSequentially(TestNG.java:1208)
	at org.testng.TestNG.runSuitesLocally(TestNG.java:1137)
	at org.testng.TestNG.runSuites(TestNG.java:1049)
	at org.testng.TestNG.run(TestNG.java:1017)
	at org.apache.maven.surefire.testng.TestNGExecutor.run(TestNGExecutor.java:115)
	at org.apache.maven.surefire.testng.TestNGDirectoryTestSuite.executeMulti(TestNGDirectoryTestSuite.java:205)
	at org.apache.maven.surefire.testng.TestNGDirectoryTestSuite.execute(TestNGDirectoryTestSuite.java:108)
	at org.apache.maven.surefire.testng.TestNGProvider.invoke(TestNGProvider.java:111)
	at org.apache.maven.surefire.booter.ForkedBooter.invokeProviderInSameClassLoader(ForkedBooter.java:203)
	at org.apache.maven.surefire.booter.ForkedBooter.runSuitesInProcess(ForkedBooter.java:155)
	at org.apache.maven.surefire.booter.ForkedBooter.main(ForkedBooter.java:103)
</pre></div></td>
<td>0</td>
<td>PositiveCurrencyTest@408a247c</td></tr>
<tr>
<td title='NegativeCurrencyTest.incorrectCurrentAverageExchangeRateTest()'><b>incorrectCurrentAverageExchangeRateTest</b><br>Test class: NegativeCurrencyTest<br>Parameters: chg, a</td>
<td><div><pre>java.lang.AssertionError: The following asserts failed:
	expected [400] but found [404],
	expected [true] but found [false]
	at NegativeCurrencyTest.incorrectCurrentAverageExchangeRateTest(NegativeCurrencyTest.java:19)
... Removed 30 stack frames</pre></div><a href='#' onClick='toggleBox("stack-trace508000580", this, "Click to show all stack frames", "Click to hide stack frames")'>Click to show all stack frames</a>
<div class='stack-trace' id='stack-trace508000580'><pre>java.lang.AssertionError: The following asserts failed:
	expected [400] but found [404],
	expected [true] but found [false]
	at org.testng.asserts.SoftAssert.assertAll(SoftAssert.java:43)
	at NegativeCurrencyTest.incorrectCurrentAverageExchangeRateTest(NegativeCurrencyTest.java:19)
	at java.base/jdk.internal.reflect.NativeMethodAccessorImpl.invoke0(Native Method)
	at java.base/jdk.internal.reflect.NativeMethodAccessorImpl.invoke(NativeMethodAccessorImpl.java:62)
	at java.base/jdk.internal.reflect.DelegatingMethodAccessorImpl.invoke(DelegatingMethodAccessorImpl.java:43)
	at java.base/java.lang.reflect.Method.invoke(Method.java:566)
	at org.testng.internal.MethodInvocationHelper.invokeMethod(MethodInvocationHelper.java:124)
	at org.testng.internal.Invoker.invokeMethod(Invoker.java:583)
	at org.testng.internal.Invoker.invokeTestMethod(Invoker.java:719)
	at org.testng.internal.Invoker.invokeTestMethods(Invoker.java:989)
	at org.testng.internal.TestMethodWorker.invokeTestMethods(TestMethodWorker.java:125)
	at org.testng.internal.TestMethodWorker.run(TestMethodWorker.java:109)
	at org.testng.TestRunner.privateRun(TestRunner.java:648)
	at org.testng.TestRunner.run(TestRunner.java:505)
	at org.testng.SuiteRunner.runTest(SuiteRunner.java:455)
	at org.testng.SuiteRunner.runSequentially(SuiteRunner.java:450)
	at org.testng.SuiteRunner.privateRun(SuiteRunner.java:415)
	at org.testng.SuiteRunner.run(SuiteRunner.java:364)
	at org.testng.SuiteRunnerWorker.runSuite(SuiteRunnerWorker.java:52)
	at org.testng.SuiteRunnerWorker.run(SuiteRunnerWorker.java:84)
	at org.testng.TestNG.runSuitesSequentially(TestNG.java:1208)
	at org.testng.TestNG.runSuitesLocally(TestNG.java:1137)
	at org.testng.TestNG.runSuites(TestNG.java:1049)
	at org.testng.TestNG.run(TestNG.java:1017)
	at org.apache.maven.surefire.testng.TestNGExecutor.run(TestNGExecutor.java:115)
	at org.apache.maven.surefire.testng.TestNGDirectoryTestSuite.executeMulti(TestNGDirectoryTestSuite.java:205)
	at org.apache.maven.surefire.testng.TestNGDirectoryTestSuite.execute(TestNGDirectoryTestSuite.java:108)
	at org.apache.maven.surefire.testng.TestNGProvider.invoke(TestNGProvider.java:111)
	at org.apache.maven.surefire.booter.ForkedBooter.invokeProviderInSameClassLoader(ForkedBooter.java:203)
	at org.apache.maven.surefire.booter.ForkedBooter.runSuitesInProcess(ForkedBooter.java:155)
	at org.apache.maven.surefire.booter.ForkedBooter.main(ForkedBooter.java:103)
</pre></div></td>
<td>3</td>
<td>NegativeCurrencyTest@62a8fd44</td></tr>
<tr>
<td title='NegativeCurrencyTest.incorrectCurrentAverageExchangeRateTest()'><b>incorrectCurrentAverageExchangeRateTest</b><br>Test class: NegativeCurrencyTest<br>Parameters: usb, b</td>
<td><div><pre>java.lang.AssertionError: The following asserts failed:
	expected [400] but found [404],
	expected [true] but found [false],
	expected [400] but found [404],
	expected [true] but found [false]
	at NegativeCurrencyTest.incorrectCurrentAverageExchangeRateTest(NegativeCurrencyTest.java:19)
... Removed 30 stack frames</pre></div><a href='#' onClick='toggleBox("stack-trace1962688455", this, "Click to show all stack frames", "Click to hide stack frames")'>Click to show all stack frames</a>
<div class='stack-trace' id='stack-trace1962688455'><pre>java.lang.AssertionError: The following asserts failed:
	expected [400] but found [404],
	expected [true] but found [false],
	expected [400] but found [404],
	expected [true] but found [false]
	at org.testng.asserts.SoftAssert.assertAll(SoftAssert.java:43)
	at NegativeCurrencyTest.incorrectCurrentAverageExchangeRateTest(NegativeCurrencyTest.java:19)
	at java.base/jdk.internal.reflect.NativeMethodAccessorImpl.invoke0(Native Method)
	at java.base/jdk.internal.reflect.NativeMethodAccessorImpl.invoke(NativeMethodAccessorImpl.java:62)
	at java.base/jdk.internal.reflect.DelegatingMethodAccessorImpl.invoke(DelegatingMethodAccessorImpl.java:43)
	at java.base/java.lang.reflect.Method.invoke(Method.java:566)
	at org.testng.internal.MethodInvocationHelper.invokeMethod(MethodInvocationHelper.java:124)
	at org.testng.internal.Invoker.invokeMethod(Invoker.java:583)
	at org.testng.internal.Invoker.invokeTestMethod(Invoker.java:719)
	at org.testng.internal.Invoker.invokeTestMethods(Invoker.java:989)
	at org.testng.internal.TestMethodWorker.invokeTestMethods(TestMethodWorker.java:125)
	at org.testng.internal.TestMethodWorker.run(TestMethodWorker.java:109)
	at org.testng.TestRunner.privateRun(TestRunner.java:648)
	at org.testng.TestRunner.run(TestRunner.java:505)
	at org.testng.SuiteRunner.runTest(SuiteRunner.java:455)
	at org.testng.SuiteRunner.runSequentially(SuiteRunner.java:450)
	at org.testng.SuiteRunner.privateRun(SuiteRunner.java:415)
	at org.testng.SuiteRunner.run(SuiteRunner.java:364)
	at org.testng.SuiteRunnerWorker.runSuite(SuiteRunnerWorker.java:52)
	at org.testng.SuiteRunnerWorker.run(SuiteRunnerWorker.java:84)
	at org.testng.TestNG.runSuitesSequentially(TestNG.java:1208)
	at org.testng.TestNG.runSuitesLocally(TestNG.java:1137)
	at org.testng.TestNG.runSuites(TestNG.java:1049)
	at org.testng.TestNG.run(TestNG.java:1017)
	at org.apache.maven.surefire.testng.TestNGExecutor.run(TestNGExecutor.java:115)
	at org.apache.maven.surefire.testng.TestNGDirectoryTestSuite.executeMulti(TestNGDirectoryTestSuite.java:205)
	at org.apache.maven.surefire.testng.TestNGDirectoryTestSuite.execute(TestNGDirectoryTestSuite.java:108)
	at org.apache.maven.surefire.testng.TestNGProvider.invoke(TestNGProvider.java:111)
	at org.apache.maven.surefire.booter.ForkedBooter.invokeProviderInSameClassLoader(ForkedBooter.java:203)
	at org.apache.maven.surefire.booter.ForkedBooter.runSuitesInProcess(ForkedBooter.java:155)
	at org.apache.maven.surefire.booter.ForkedBooter.main(ForkedBooter.java:103)
</pre></div></td>
<td>0</td>
<td>NegativeCurrencyTest@62a8fd44</td></tr>
<tr>
<td title='NegativeCurrencyTest.incorrectCurrentAverageExchangeRateTest()'><b>incorrectCurrentAverageExchangeRateTest</b><br>Test class: NegativeCurrencyTest<br>Parameters: eur, r</td>
<td><div><pre>java.lang.AssertionError: The following asserts failed:
	expected [400] but found [404],
	expected [true] but found [false],
	expected [400] but found [404],
	expected [true] but found [false]
	at NegativeCurrencyTest.incorrectCurrentAverageExchangeRateTest(NegativeCurrencyTest.java:19)
... Removed 30 stack frames</pre></div><a href='#' onClick='toggleBox("stack-trace2104246393", this, "Click to show all stack frames", "Click to hide stack frames")'>Click to show all stack frames</a>
<div class='stack-trace' id='stack-trace2104246393'><pre>java.lang.AssertionError: The following asserts failed:
	expected [400] but found [404],
	expected [true] but found [false],
	expected [400] but found [404],
	expected [true] but found [false]
	at org.testng.asserts.SoftAssert.assertAll(SoftAssert.java:43)
	at NegativeCurrencyTest.incorrectCurrentAverageExchangeRateTest(NegativeCurrencyTest.java:19)
	at java.base/jdk.internal.reflect.NativeMethodAccessorImpl.invoke0(Native Method)
	at java.base/jdk.internal.reflect.NativeMethodAccessorImpl.invoke(NativeMethodAccessorImpl.java:62)
	at java.base/jdk.internal.reflect.DelegatingMethodAccessorImpl.invoke(DelegatingMethodAccessorImpl.java:43)
	at java.base/java.lang.reflect.Method.invoke(Method.java:566)
	at org.testng.internal.MethodInvocationHelper.invokeMethod(MethodInvocationHelper.java:124)
	at org.testng.internal.Invoker.invokeMethod(Invoker.java:583)
	at org.testng.internal.Invoker.invokeTestMethod(Invoker.java:719)
	at org.testng.internal.Invoker.invokeTestMethods(Invoker.java:989)
	at org.testng.internal.TestMethodWorker.invokeTestMethods(TestMethodWorker.java:125)
	at org.testng.internal.TestMethodWorker.run(TestMethodWorker.java:109)
	at org.testng.TestRunner.privateRun(TestRunner.java:648)
	at org.testng.TestRunner.run(TestRunner.java:505)
	at org.testng.SuiteRunner.runTest(SuiteRunner.java:455)
	at org.testng.SuiteRunner.runSequentially(SuiteRunner.java:450)
	at org.testng.SuiteRunner.privateRun(SuiteRunner.java:415)
	at org.testng.SuiteRunner.run(SuiteRunner.java:364)
	at org.testng.SuiteRunnerWorker.runSuite(SuiteRunnerWorker.java:52)
	at org.testng.SuiteRunnerWorker.run(SuiteRunnerWorker.java:84)
	at org.testng.TestNG.runSuitesSequentially(TestNG.java:1208)
	at org.testng.TestNG.runSuitesLocally(TestNG.java:1137)
	at org.testng.TestNG.runSuites(TestNG.java:1049)
	at org.testng.TestNG.run(TestNG.java:1017)
	at org.apache.maven.surefire.testng.TestNGExecutor.run(TestNGExecutor.java:115)
	at org.apache.maven.surefire.testng.TestNGDirectoryTestSuite.executeMulti(TestNGDirectoryTestSuite.java:205)
	at org.apache.maven.surefire.testng.TestNGDirectoryTestSuite.execute(TestNGDirectoryTestSuite.java:108)
	at org.apache.maven.surefire.testng.TestNGProvider.invoke(TestNGProvider.java:111)
	at org.apache.maven.surefire.booter.ForkedBooter.invokeProviderInSameClassLoader(ForkedBooter.java:203)
	at org.apache.maven.surefire.booter.ForkedBooter.runSuitesInProcess(ForkedBooter.java:155)
	at org.apache.maven.surefire.booter.ForkedBooter.main(ForkedBooter.java:103)
</pre></div></td>
<td>0</td>
<td>NegativeCurrencyTest@62a8fd44</td></tr>
<tr>
<td title='NegativeCurrencyTest.incorrectCurrentAverageExchangeRateTest()'><b>incorrectCurrentAverageExchangeRateTest</b><br>Test class: NegativeCurrencyTest<br>Parameters: rub, aa</td>
<td><div><pre>java.lang.AssertionError: The following asserts failed:
	expected [400] but found [404],
	expected [true] but found [false],
	expected [400] but found [404],
	expected [true] but found [false],
	expected [400] but found [404],
	expected [true] but found [false]
	at NegativeCurrencyTest.incorrectCurrentAverageExchangeRateTest(NegativeCurrencyTest.java:19)
... Removed 30 stack frames</pre></div><a href='#' onClick='toggleBox("stack-trace993062597", this, "Click to show all stack frames", "Click to hide stack frames")'>Click to show all stack frames</a>
<div class='stack-trace' id='stack-trace993062597'><pre>java.lang.AssertionError: The following asserts failed:
	expected [400] but found [404],
	expected [true] but found [false],
	expected [400] but found [404],
	expected [true] but found [false],
	expected [400] but found [404],
	expected [true] but found [false]
	at org.testng.asserts.SoftAssert.assertAll(SoftAssert.java:43)
	at NegativeCurrencyTest.incorrectCurrentAverageExchangeRateTest(NegativeCurrencyTest.java:19)
	at java.base/jdk.internal.reflect.NativeMethodAccessorImpl.invoke0(Native Method)
	at java.base/jdk.internal.reflect.NativeMethodAccessorImpl.invoke(NativeMethodAccessorImpl.java:62)
	at java.base/jdk.internal.reflect.DelegatingMethodAccessorImpl.invoke(DelegatingMethodAccessorImpl.java:43)
	at java.base/java.lang.reflect.Method.invoke(Method.java:566)
	at org.testng.internal.MethodInvocationHelper.invokeMethod(MethodInvocationHelper.java:124)
	at org.testng.internal.Invoker.invokeMethod(Invoker.java:583)
	at org.testng.internal.Invoker.invokeTestMethod(Invoker.java:719)
	at org.testng.internal.Invoker.invokeTestMethods(Invoker.java:989)
	at org.testng.internal.TestMethodWorker.invokeTestMethods(TestMethodWorker.java:125)
	at org.testng.internal.TestMethodWorker.run(TestMethodWorker.java:109)
	at org.testng.TestRunner.privateRun(TestRunner.java:648)
	at org.testng.TestRunner.run(TestRunner.java:505)
	at org.testng.SuiteRunner.runTest(SuiteRunner.java:455)
	at org.testng.SuiteRunner.runSequentially(SuiteRunner.java:450)
	at org.testng.SuiteRunner.privateRun(SuiteRunner.java:415)
	at org.testng.SuiteRunner.run(SuiteRunner.java:364)
	at org.testng.SuiteRunnerWorker.runSuite(SuiteRunnerWorker.java:52)
	at org.testng.SuiteRunnerWorker.run(SuiteRunnerWorker.java:84)
	at org.testng.TestNG.runSuitesSequentially(TestNG.java:1208)
	at org.testng.TestNG.runSuitesLocally(TestNG.java:1137)
	at org.testng.TestNG.runSuites(TestNG.java:1049)
	at org.testng.TestNG.run(TestNG.java:1017)
	at org.apache.maven.surefire.testng.TestNGExecutor.run(TestNGExecutor.java:115)
	at org.apache.maven.surefire.testng.TestNGDirectoryTestSuite.executeMulti(TestNGDirectoryTestSuite.java:205)
	at org.apache.maven.surefire.testng.TestNGDirectoryTestSuite.execute(TestNGDirectoryTestSuite.java:108)
	at org.apache.maven.surefire.testng.TestNGProvider.invoke(TestNGProvider.java:111)
	at org.apache.maven.surefire.booter.ForkedBooter.invokeProviderInSameClassLoader(ForkedBooter.java:203)
	at org.apache.maven.surefire.booter.ForkedBooter.runSuitesInProcess(ForkedBooter.java:155)
	at org.apache.maven.surefire.booter.ForkedBooter.main(ForkedBooter.java:103)
</pre></div></td>
<td>0</td>
<td>NegativeCurrencyTest@62a8fd44</td></tr>
<tr>
<td title='NegativeCurrencyTest.incorrectCurrentAverageExchangeRateTest()'><b>incorrectCurrentAverageExchangeRateTest</b><br>Test class: NegativeCurrencyTest<br>Parameters: euro, a</td>
<td><div><pre>java.lang.AssertionError: The following asserts failed:
	expected [400] but found [404],
	expected [true] but found [false],
	expected [400] but found [404],
	expected [true] but found [false],
	expected [400] but found [404],
	expected [true] but found [false],
	expected [400] but found [404],
	expected [true] but found [false]
	at NegativeCurrencyTest.incorrectCurrentAverageExchangeRateTest(NegativeCurrencyTest.java:19)
... Removed 30 stack frames</pre></div><a href='#' onClick='toggleBox("stack-trace2076359512", this, "Click to show all stack frames", "Click to hide stack frames")'>Click to show all stack frames</a>
<div class='stack-trace' id='stack-trace2076359512'><pre>java.lang.AssertionError: The following asserts failed:
	expected [400] but found [404],
	expected [true] but found [false],
	expected [400] but found [404],
	expected [true] but found [false],
	expected [400] but found [404],
	expected [true] but found [false],
	expected [400] but found [404],
	expected [true] but found [false]
	at org.testng.asserts.SoftAssert.assertAll(SoftAssert.java:43)
	at NegativeCurrencyTest.incorrectCurrentAverageExchangeRateTest(NegativeCurrencyTest.java:19)
	at java.base/jdk.internal.reflect.NativeMethodAccessorImpl.invoke0(Native Method)
	at java.base/jdk.internal.reflect.NativeMethodAccessorImpl.invoke(NativeMethodAccessorImpl.java:62)
	at java.base/jdk.internal.reflect.DelegatingMethodAccessorImpl.invoke(DelegatingMethodAccessorImpl.java:43)
	at java.base/java.lang.reflect.Method.invoke(Method.java:566)
	at org.testng.internal.MethodInvocationHelper.invokeMethod(MethodInvocationHelper.java:124)
	at org.testng.internal.Invoker.invokeMethod(Invoker.java:583)
	at org.testng.internal.Invoker.invokeTestMethod(Invoker.java:719)
	at org.testng.internal.Invoker.invokeTestMethods(Invoker.java:989)
	at org.testng.internal.TestMethodWorker.invokeTestMethods(TestMethodWorker.java:125)
	at org.testng.internal.TestMethodWorker.run(TestMethodWorker.java:109)
	at org.testng.TestRunner.privateRun(TestRunner.java:648)
	at org.testng.TestRunner.run(TestRunner.java:505)
	at org.testng.SuiteRunner.runTest(SuiteRunner.java:455)
	at org.testng.SuiteRunner.runSequentially(SuiteRunner.java:450)
	at org.testng.SuiteRunner.privateRun(SuiteRunner.java:415)
	at org.testng.SuiteRunner.run(SuiteRunner.java:364)
	at org.testng.SuiteRunnerWorker.runSuite(SuiteRunnerWorker.java:52)
	at org.testng.SuiteRunnerWorker.run(SuiteRunnerWorker.java:84)
	at org.testng.TestNG.runSuitesSequentially(TestNG.java:1208)
	at org.testng.TestNG.runSuitesLocally(TestNG.java:1137)
	at org.testng.TestNG.runSuites(TestNG.java:1049)
	at org.testng.TestNG.run(TestNG.java:1017)
	at org.apache.maven.surefire.testng.TestNGExecutor.run(TestNGExecutor.java:115)
	at org.apache.maven.surefire.testng.TestNGDirectoryTestSuite.executeMulti(TestNGDirectoryTestSuite.java:205)
	at org.apache.maven.surefire.testng.TestNGDirectoryTestSuite.execute(TestNGDirectoryTestSuite.java:108)
	at org.apache.maven.surefire.testng.TestNGProvider.invoke(TestNGProvider.java:111)
	at org.apache.maven.surefire.booter.ForkedBooter.invokeProviderInSameClassLoader(ForkedBooter.java:203)
	at org.apache.maven.surefire.booter.ForkedBooter.runSuitesInProcess(ForkedBooter.java:155)
	at org.apache.maven.surefire.booter.ForkedBooter.main(ForkedBooter.java:103)
</pre></div></td>
<td>0</td>
<td>NegativeCurrencyTest@62a8fd44</td></tr>
<tr>
<td title='NegativeCurrencyTest.incorrectCurrentAverageExchangeRateTest()'><b>incorrectCurrentAverageExchangeRateTest</b><br>Test class: NegativeCurrencyTest<br>Parameters: rubrub, a</td>
<td><div><pre>java.lang.AssertionError: The following asserts failed:
	expected [400] but found [404],
	expected [true] but found [false],
	expected [400] but found [404],
	expected [true] but found [false],
	expected [400] but found [404],
	expected [true] but found [false],
	expected [400] but found [404],
	expected [true] but found [false],
	expected [400] but found [404],
	expected [true] but found [false]
	at NegativeCurrencyTest.incorrectCurrentAverageExchangeRateTest(NegativeCurrencyTest.java:19)
... Removed 30 stack frames</pre></div><a href='#' onClick='toggleBox("stack-trace52505597", this, "Click to show all stack frames", "Click to hide stack frames")'>Click to show all stack frames</a>
<div class='stack-trace' id='stack-trace52505597'><pre>java.lang.AssertionError: The following asserts failed:
	expected [400] but found [404],
	expected [true] but found [false],
	expected [400] but found [404],
	expected [true] but found [false],
	expected [400] but found [404],
	expected [true] but found [false],
	expected [400] but found [404],
	expected [true] but found [false],
	expected [400] but found [404],
	expected [true] but found [false]
	at org.testng.asserts.SoftAssert.assertAll(SoftAssert.java:43)
	at NegativeCurrencyTest.incorrectCurrentAverageExchangeRateTest(NegativeCurrencyTest.java:19)
	at java.base/jdk.internal.reflect.NativeMethodAccessorImpl.invoke0(Native Method)
	at java.base/jdk.internal.reflect.NativeMethodAccessorImpl.invoke(NativeMethodAccessorImpl.java:62)
	at java.base/jdk.internal.reflect.DelegatingMethodAccessorImpl.invoke(DelegatingMethodAccessorImpl.java:43)
	at java.base/java.lang.reflect.Method.invoke(Method.java:566)
	at org.testng.internal.MethodInvocationHelper.invokeMethod(MethodInvocationHelper.java:124)
	at org.testng.internal.Invoker.invokeMethod(Invoker.java:583)
	at org.testng.internal.Invoker.invokeTestMethod(Invoker.java:719)
	at org.testng.internal.Invoker.invokeTestMethods(Invoker.java:989)
	at org.testng.internal.TestMethodWorker.invokeTestMethods(TestMethodWorker.java:125)
	at org.testng.internal.TestMethodWorker.run(TestMethodWorker.java:109)
	at org.testng.TestRunner.privateRun(TestRunner.java:648)
	at org.testng.TestRunner.run(TestRunner.java:505)
	at org.testng.SuiteRunner.runTest(SuiteRunner.java:455)
	at org.testng.SuiteRunner.runSequentially(SuiteRunner.java:450)
	at org.testng.SuiteRunner.privateRun(SuiteRunner.java:415)
	at org.testng.SuiteRunner.run(SuiteRunner.java:364)
	at org.testng.SuiteRunnerWorker.runSuite(SuiteRunnerWorker.java:52)
	at org.testng.SuiteRunnerWorker.run(SuiteRunnerWorker.java:84)
	at org.testng.TestNG.runSuitesSequentially(TestNG.java:1208)
	at org.testng.TestNG.runSuitesLocally(TestNG.java:1137)
	at org.testng.TestNG.runSuites(TestNG.java:1049)
	at org.testng.TestNG.run(TestNG.java:1017)
	at org.apache.maven.surefire.testng.TestNGExecutor.run(TestNGExecutor.java:115)
	at org.apache.maven.surefire.testng.TestNGDirectoryTestSuite.executeMulti(TestNGDirectoryTestSuite.java:205)
	at org.apache.maven.surefire.testng.TestNGDirectoryTestSuite.execute(TestNGDirectoryTestSuite.java:108)
	at org.apache.maven.surefire.testng.TestNGProvider.invoke(TestNGProvider.java:111)
	at org.apache.maven.surefire.booter.ForkedBooter.invokeProviderInSameClassLoader(ForkedBooter.java:203)
	at org.apache.maven.surefire.booter.ForkedBooter.runSuitesInProcess(ForkedBooter.java:155)
	at org.apache.maven.surefire.booter.ForkedBooter.main(ForkedBooter.java:103)
</pre></div></td>
<td>0</td>
<td>NegativeCurrencyTest@62a8fd44</td></tr>
<tr>
<td title='NegativeCurrencyTest.incorrectCurrentAverageExchangeRateTest()'><b>incorrectCurrentAverageExchangeRateTest</b><br>Test class: NegativeCurrencyTest<br>Parameters: usd1, euro</td>
<td><div><pre>java.lang.AssertionError: The following asserts failed:
	expected [400] but found [404],
	expected [true] but found [false],
	expected [400] but found [404],
	expected [true] but found [false],
	expected [400] but found [404],
	expected [true] but found [false],
	expected [400] but found [404],
	expected [true] but found [false],
	expected [400] but found [404],
	expected [true] but found [false],
	expected [400] but found [404],
	expected [true] but found [false]
	at NegativeCurrencyTest.incorrectCurrentAverageExchangeRateTest(NegativeCurrencyTest.java:19)
... Removed 30 stack frames</pre></div><a href='#' onClick='toggleBox("stack-trace824865677", this, "Click to show all stack frames", "Click to hide stack frames")'>Click to show all stack frames</a>
<div class='stack-trace' id='stack-trace824865677'><pre>java.lang.AssertionError: The following asserts failed:
	expected [400] but found [404],
	expected [true] but found [false],
	expected [400] but found [404],
	expected [true] but found [false],
	expected [400] but found [404],
	expected [true] but found [false],
	expected [400] but found [404],
	expected [true] but found [false],
	expected [400] but found [404],
	expected [true] but found [false],
	expected [400] but found [404],
	expected [true] but found [false]
	at org.testng.asserts.SoftAssert.assertAll(SoftAssert.java:43)
	at NegativeCurrencyTest.incorrectCurrentAverageExchangeRateTest(NegativeCurrencyTest.java:19)
	at java.base/jdk.internal.reflect.NativeMethodAccessorImpl.invoke0(Native Method)
	at java.base/jdk.internal.reflect.NativeMethodAccessorImpl.invoke(NativeMethodAccessorImpl.java:62)
	at java.base/jdk.internal.reflect.DelegatingMethodAccessorImpl.invoke(DelegatingMethodAccessorImpl.java:43)
	at java.base/java.lang.reflect.Method.invoke(Method.java:566)
	at org.testng.internal.MethodInvocationHelper.invokeMethod(MethodInvocationHelper.java:124)
	at org.testng.internal.Invoker.invokeMethod(Invoker.java:583)
	at org.testng.internal.Invoker.invokeTestMethod(Invoker.java:719)
	at org.testng.internal.Invoker.invokeTestMethods(Invoker.java:989)
	at org.testng.internal.TestMethodWorker.invokeTestMethods(TestMethodWorker.java:125)
	at org.testng.internal.TestMethodWorker.run(TestMethodWorker.java:109)
	at org.testng.TestRunner.privateRun(TestRunner.java:648)
	at org.testng.TestRunner.run(TestRunner.java:505)
	at org.testng.SuiteRunner.runTest(SuiteRunner.java:455)
	at org.testng.SuiteRunner.runSequentially(SuiteRunner.java:450)
	at org.testng.SuiteRunner.privateRun(SuiteRunner.java:415)
	at org.testng.SuiteRunner.run(SuiteRunner.java:364)
	at org.testng.SuiteRunnerWorker.runSuite(SuiteRunnerWorker.java:52)
	at org.testng.SuiteRunnerWorker.run(SuiteRunnerWorker.java:84)
	at org.testng.TestNG.runSuitesSequentially(TestNG.java:1208)
	at org.testng.TestNG.runSuitesLocally(TestNG.java:1137)
	at org.testng.TestNG.runSuites(TestNG.java:1049)
	at org.testng.TestNG.run(TestNG.java:1017)
	at org.apache.maven.surefire.testng.TestNGExecutor.run(TestNGExecutor.java:115)
	at org.apache.maven.surefire.testng.TestNGDirectoryTestSuite.executeMulti(TestNGDirectoryTestSuite.java:205)
	at org.apache.maven.surefire.testng.TestNGDirectoryTestSuite.execute(TestNGDirectoryTestSuite.java:108)
	at org.apache.maven.surefire.testng.TestNGProvider.invoke(TestNGProvider.java:111)
	at org.apache.maven.surefire.booter.ForkedBooter.invokeProviderInSameClassLoader(ForkedBooter.java:203)
	at org.apache.maven.surefire.booter.ForkedBooter.runSuitesInProcess(ForkedBooter.java:155)
	at org.apache.maven.surefire.booter.ForkedBooter.main(ForkedBooter.java:103)
</pre></div></td>
<td>0</td>
<td>NegativeCurrencyTest@62a8fd44</td></tr>
<tr>
<td title='NegativeCurrencyTest.incorrectCurrentAverageExchangeRateTest()'><b>incorrectCurrentAverageExchangeRateTest</b><br>Test class: NegativeCurrencyTest<br>Parameters: 1, euro</td>
<td><div><pre>java.lang.AssertionError: The following asserts failed:
	expected [400] but found [404],
	expected [true] but found [false],
	expected [400] but found [404],
	expected [true] but found [false],
	expected [400] but found [404],
	expected [true] but found [false],
	expected [400] but found [404],
	expected [true] but found [false],
	expected [400] but found [404],
	expected [true] but found [false],
	expected [400] but found [404],
	expected [true] but found [false],
	expected [400] but found [404],
	expected [true] but found [false]
	at NegativeCurrencyTest.incorrectCurrentAverageExchangeRateTest(NegativeCurrencyTest.java:19)
... Removed 30 stack frames</pre></div><a href='#' onClick='toggleBox("stack-trace313145375", this, "Click to show all stack frames", "Click to hide stack frames")'>Click to show all stack frames</a>
<div class='stack-trace' id='stack-trace313145375'><pre>java.lang.AssertionError: The following asserts failed:
	expected [400] but found [404],
	expected [true] but found [false],
	expected [400] but found [404],
	expected [true] but found [false],
	expected [400] but found [404],
	expected [true] but found [false],
	expected [400] but found [404],
	expected [true] but found [false],
	expected [400] but found [404],
	expected [true] but found [false],
	expected [400] but found [404],
	expected [true] but found [false],
	expected [400] but found [404],
	expected [true] but found [false]
	at org.testng.asserts.SoftAssert.assertAll(SoftAssert.java:43)
	at NegativeCurrencyTest.incorrectCurrentAverageExchangeRateTest(NegativeCurrencyTest.java:19)
	at java.base/jdk.internal.reflect.NativeMethodAccessorImpl.invoke0(Native Method)
	at java.base/jdk.internal.reflect.NativeMethodAccessorImpl.invoke(NativeMethodAccessorImpl.java:62)
	at java.base/jdk.internal.reflect.DelegatingMethodAccessorImpl.invoke(DelegatingMethodAccessorImpl.java:43)
	at java.base/java.lang.reflect.Method.invoke(Method.java:566)
	at org.testng.internal.MethodInvocationHelper.invokeMethod(MethodInvocationHelper.java:124)
	at org.testng.internal.Invoker.invokeMethod(Invoker.java:583)
	at org.testng.internal.Invoker.invokeTestMethod(Invoker.java:719)
	at org.testng.internal.Invoker.invokeTestMethods(Invoker.java:989)
	at org.testng.internal.TestMethodWorker.invokeTestMethods(TestMethodWorker.java:125)
	at org.testng.internal.TestMethodWorker.run(TestMethodWorker.java:109)
	at org.testng.TestRunner.privateRun(TestRunner.java:648)
	at org.testng.TestRunner.run(TestRunner.java:505)
	at org.testng.SuiteRunner.runTest(SuiteRunner.java:455)
	at org.testng.SuiteRunner.runSequentially(SuiteRunner.java:450)
	at org.testng.SuiteRunner.privateRun(SuiteRunner.java:415)
	at org.testng.SuiteRunner.run(SuiteRunner.java:364)
	at org.testng.SuiteRunnerWorker.runSuite(SuiteRunnerWorker.java:52)
	at org.testng.SuiteRunnerWorker.run(SuiteRunnerWorker.java:84)
	at org.testng.TestNG.runSuitesSequentially(TestNG.java:1208)
	at org.testng.TestNG.runSuitesLocally(TestNG.java:1137)
	at org.testng.TestNG.runSuites(TestNG.java:1049)
	at org.testng.TestNG.run(TestNG.java:1017)
	at org.apache.maven.surefire.testng.TestNGExecutor.run(TestNGExecutor.java:115)
	at org.apache.maven.surefire.testng.TestNGDirectoryTestSuite.executeMulti(TestNGDirectoryTestSuite.java:205)
	at org.apache.maven.surefire.testng.TestNGDirectoryTestSuite.execute(TestNGDirectoryTestSuite.java:108)
	at org.apache.maven.surefire.testng.TestNGProvider.invoke(TestNGProvider.java:111)
	at org.apache.maven.surefire.booter.ForkedBooter.invokeProviderInSameClassLoader(ForkedBooter.java:203)
	at org.apache.maven.surefire.booter.ForkedBooter.runSuitesInProcess(ForkedBooter.java:155)
	at org.apache.maven.surefire.booter.ForkedBooter.main(ForkedBooter.java:103)
</pre></div></td>
<td>0</td>
<td>NegativeCurrencyTest@62a8fd44</td></tr>
<tr>
<td title='NegativeCurrencyTest.incorrectCurrentAverageExchangeRateTest()'><b>incorrectCurrentAverageExchangeRateTest</b><br>Test class: NegativeCurrencyTest<br>Parameters: , </td>
<td><div><pre>java.lang.AssertionError: The following asserts failed:
	expected [400] but found [404],
	expected [true] but found [false],
	expected [400] but found [404],
	expected [true] but found [false],
	expected [400] but found [404],
	expected [true] but found [false],
	expected [400] but found [404],
	expected [true] but found [false],
	expected [400] but found [404],
	expected [true] but found [false],
	expected [400] but found [404],
	expected [true] but found [false],
	expected [400] but found [404],
	expected [true] but found [false],
	expected [400] but found [404],
	expected [true] but found [false]
	at NegativeCurrencyTest.incorrectCurrentAverageExchangeRateTest(NegativeCurrencyTest.java:19)
... Removed 30 stack frames</pre></div><a href='#' onClick='toggleBox("stack-trace252760149", this, "Click to show all stack frames", "Click to hide stack frames")'>Click to show all stack frames</a>
<div class='stack-trace' id='stack-trace252760149'><pre>java.lang.AssertionError: The following asserts failed:
	expected [400] but found [404],
	expected [true] but found [false],
	expected [400] but found [404],
	expected [true] but found [false],
	expected [400] but found [404],
	expected [true] but found [false],
	expected [400] but found [404],
	expected [true] but found [false],
	expected [400] but found [404],
	expected [true] but found [false],
	expected [400] but found [404],
	expected [true] but found [false],
	expected [400] but found [404],
	expected [true] but found [false],
	expected [400] but found [404],
	expected [true] but found [false]
	at org.testng.asserts.SoftAssert.assertAll(SoftAssert.java:43)
	at NegativeCurrencyTest.incorrectCurrentAverageExchangeRateTest(NegativeCurrencyTest.java:19)
	at java.base/jdk.internal.reflect.NativeMethodAccessorImpl.invoke0(Native Method)
	at java.base/jdk.internal.reflect.NativeMethodAccessorImpl.invoke(NativeMethodAccessorImpl.java:62)
	at java.base/jdk.internal.reflect.DelegatingMethodAccessorImpl.invoke(DelegatingMethodAccessorImpl.java:43)
	at java.base/java.lang.reflect.Method.invoke(Method.java:566)
	at org.testng.internal.MethodInvocationHelper.invokeMethod(MethodInvocationHelper.java:124)
	at org.testng.internal.Invoker.invokeMethod(Invoker.java:583)
	at org.testng.internal.Invoker.invokeTestMethod(Invoker.java:719)
	at org.testng.internal.Invoker.invokeTestMethods(Invoker.java:989)
	at org.testng.internal.TestMethodWorker.invokeTestMethods(TestMethodWorker.java:125)
	at org.testng.internal.TestMethodWorker.run(TestMethodWorker.java:109)
	at org.testng.TestRunner.privateRun(TestRunner.java:648)
	at org.testng.TestRunner.run(TestRunner.java:505)
	at org.testng.SuiteRunner.runTest(SuiteRunner.java:455)
	at org.testng.SuiteRunner.runSequentially(SuiteRunner.java:450)
	at org.testng.SuiteRunner.privateRun(SuiteRunner.java:415)
	at org.testng.SuiteRunner.run(SuiteRunner.java:364)
	at org.testng.SuiteRunnerWorker.runSuite(SuiteRunnerWorker.java:52)
	at org.testng.SuiteRunnerWorker.run(SuiteRunnerWorker.java:84)
	at org.testng.TestNG.runSuitesSequentially(TestNG.java:1208)
	at org.testng.TestNG.runSuitesLocally(TestNG.java:1137)
	at org.testng.TestNG.runSuites(TestNG.java:1049)
	at org.testng.TestNG.run(TestNG.java:1017)
	at org.apache.maven.surefire.testng.TestNGExecutor.run(TestNGExecutor.java:115)
	at org.apache.maven.surefire.testng.TestNGDirectoryTestSuite.executeMulti(TestNGDirectoryTestSuite.java:205)
	at org.apache.maven.surefire.testng.TestNGDirectoryTestSuite.execute(TestNGDirectoryTestSuite.java:108)
	at org.apache.maven.surefire.testng.TestNGProvider.invoke(TestNGProvider.java:111)
	at org.apache.maven.surefire.booter.ForkedBooter.invokeProviderInSameClassLoader(ForkedBooter.java:203)
	at org.apache.maven.surefire.booter.ForkedBooter.runSuitesInProcess(ForkedBooter.java:155)
	at org.apache.maven.surefire.booter.ForkedBooter.main(ForkedBooter.java:103)
</pre></div></td>
<td>0</td>
<td>NegativeCurrencyTest@62a8fd44</td></tr>
<tr>
<td title='NegativeCurrencyTest.incorrectCurrentAverageExchangeRateTest()'><b>incorrectCurrentAverageExchangeRateTest</b><br>Test class: NegativeCurrencyTest<br>Parameters: rub, </td>
<td><div><pre>java.lang.AssertionError: The following asserts failed:
	expected [400] but found [404],
	expected [true] but found [false],
	expected [400] but found [404],
	expected [true] but found [false],
	expected [400] but found [404],
	expected [true] but found [false],
	expected [400] but found [404],
	expected [true] but found [false],
	expected [400] but found [404],
	expected [true] but found [false],
	expected [400] but found [404],
	expected [true] but found [false],
	expected [400] but found [404],
	expected [true] but found [false],
	expected [400] but found [404],
	expected [true] but found [false],
	expected [400] but found [404],
	expected [true] but found [false]
	at NegativeCurrencyTest.incorrectCurrentAverageExchangeRateTest(NegativeCurrencyTest.java:19)
... Removed 30 stack frames</pre></div><a href='#' onClick='toggleBox("stack-trace1013700132", this, "Click to show all stack frames", "Click to hide stack frames")'>Click to show all stack frames</a>
<div class='stack-trace' id='stack-trace1013700132'><pre>java.lang.AssertionError: The following asserts failed:
	expected [400] but found [404],
	expected [true] but found [false],
	expected [400] but found [404],
	expected [true] but found [false],
	expected [400] but found [404],
	expected [true] but found [false],
	expected [400] but found [404],
	expected [true] but found [false],
	expected [400] but found [404],
	expected [true] but found [false],
	expected [400] but found [404],
	expected [true] but found [false],
	expected [400] but found [404],
	expected [true] but found [false],
	expected [400] but found [404],
	expected [true] but found [false],
	expected [400] but found [404],
	expected [true] but found [false]
	at org.testng.asserts.SoftAssert.assertAll(SoftAssert.java:43)
	at NegativeCurrencyTest.incorrectCurrentAverageExchangeRateTest(NegativeCurrencyTest.java:19)
	at java.base/jdk.internal.reflect.NativeMethodAccessorImpl.invoke0(Native Method)
	at java.base/jdk.internal.reflect.NativeMethodAccessorImpl.invoke(NativeMethodAccessorImpl.java:62)
	at java.base/jdk.internal.reflect.DelegatingMethodAccessorImpl.invoke(DelegatingMethodAccessorImpl.java:43)
	at java.base/java.lang.reflect.Method.invoke(Method.java:566)
	at org.testng.internal.MethodInvocationHelper.invokeMethod(MethodInvocationHelper.java:124)
	at org.testng.internal.Invoker.invokeMethod(Invoker.java:583)
	at org.testng.internal.Invoker.invokeTestMethod(Invoker.java:719)
	at org.testng.internal.Invoker.invokeTestMethods(Invoker.java:989)
	at org.testng.internal.TestMethodWorker.invokeTestMethods(TestMethodWorker.java:125)
	at org.testng.internal.TestMethodWorker.run(TestMethodWorker.java:109)
	at org.testng.TestRunner.privateRun(TestRunner.java:648)
	at org.testng.TestRunner.run(TestRunner.java:505)
	at org.testng.SuiteRunner.runTest(SuiteRunner.java:455)
	at org.testng.SuiteRunner.runSequentially(SuiteRunner.java:450)
	at org.testng.SuiteRunner.privateRun(SuiteRunner.java:415)
	at org.testng.SuiteRunner.run(SuiteRunner.java:364)
	at org.testng.SuiteRunnerWorker.runSuite(SuiteRunnerWorker.java:52)
	at org.testng.SuiteRunnerWorker.run(SuiteRunnerWorker.java:84)
	at org.testng.TestNG.runSuitesSequentially(TestNG.java:1208)
	at org.testng.TestNG.runSuitesLocally(TestNG.java:1137)
	at org.testng.TestNG.runSuites(TestNG.java:1049)
	at org.testng.TestNG.run(TestNG.java:1017)
	at org.apache.maven.surefire.testng.TestNGExecutor.run(TestNGExecutor.java:115)
	at org.apache.maven.surefire.testng.TestNGDirectoryTestSuite.executeMulti(TestNGDirectoryTestSuite.java:205)
	at org.apache.maven.surefire.testng.TestNGDirectoryTestSuite.execute(TestNGDirectoryTestSuite.java:108)
	at org.apache.maven.surefire.testng.TestNGProvider.invoke(TestNGProvider.java:111)
	at org.apache.maven.surefire.booter.ForkedBooter.invokeProviderInSameClassLoader(ForkedBooter.java:203)
	at org.apache.maven.surefire.booter.ForkedBooter.runSuitesInProcess(ForkedBooter.java:155)
	at org.apache.maven.surefire.booter.ForkedBooter.main(ForkedBooter.java:103)
</pre></div></td>
<td>0</td>
<td>NegativeCurrencyTest@62a8fd44</td></tr>
<tr>
<td title='NegativeCurrencyTest.incorrectCurrentAverageExchangeRateTest()'><b>incorrectCurrentAverageExchangeRateTest</b><br>Test class: NegativeCurrencyTest<br>Parameters: , a</td>
<td><div><pre>java.lang.AssertionError: The following asserts failed:
	expected [400] but found [404],
	expected [true] but found [false],
	expected [400] but found [404],
	expected [true] but found [false],
	expected [400] but found [404],
	expected [true] but found [false],
	expected [400] but found [404],
	expected [true] but found [false],
	expected [400] but found [404],
	expected [true] but found [false],
	expected [400] but found [404],
	expected [true] but found [false],
	expected [400] but found [404],
	expected [true] but found [false],
	expected [400] but found [404],
	expected [true] but found [false],
	expected [400] but found [404],
	expected [true] but found [false],
	expected [400] but found [404],
	expected [true] but found [false]
	at NegativeCurrencyTest.incorrectCurrentAverageExchangeRateTest(NegativeCurrencyTest.java:19)
... Removed 30 stack frames</pre></div><a href='#' onClick='toggleBox("stack-trace1492896625", this, "Click to show all stack frames", "Click to hide stack frames")'>Click to show all stack frames</a>
<div class='stack-trace' id='stack-trace1492896625'><pre>java.lang.AssertionError: The following asserts failed:
	expected [400] but found [404],
	expected [true] but found [false],
	expected [400] but found [404],
	expected [true] but found [false],
	expected [400] but found [404],
	expected [true] but found [false],
	expected [400] but found [404],
	expected [true] but found [false],
	expected [400] but found [404],
	expected [true] but found [false],
	expected [400] but found [404],
	expected [true] but found [false],
	expected [400] but found [404],
	expected [true] but found [false],
	expected [400] but found [404],
	expected [true] but found [false],
	expected [400] but found [404],
	expected [true] but found [false],
	expected [400] but found [404],
	expected [true] but found [false]
	at org.testng.asserts.SoftAssert.assertAll(SoftAssert.java:43)
	at NegativeCurrencyTest.incorrectCurrentAverageExchangeRateTest(NegativeCurrencyTest.java:19)
	at java.base/jdk.internal.reflect.NativeMethodAccessorImpl.invoke0(Native Method)
	at java.base/jdk.internal.reflect.NativeMethodAccessorImpl.invoke(NativeMethodAccessorImpl.java:62)
	at java.base/jdk.internal.reflect.DelegatingMethodAccessorImpl.invoke(DelegatingMethodAccessorImpl.java:43)
	at java.base/java.lang.reflect.Method.invoke(Method.java:566)
	at org.testng.internal.MethodInvocationHelper.invokeMethod(MethodInvocationHelper.java:124)
	at org.testng.internal.Invoker.invokeMethod(Invoker.java:583)
	at org.testng.internal.Invoker.invokeTestMethod(Invoker.java:719)
	at org.testng.internal.Invoker.invokeTestMethods(Invoker.java:989)
	at org.testng.internal.TestMethodWorker.invokeTestMethods(TestMethodWorker.java:125)
	at org.testng.internal.TestMethodWorker.run(TestMethodWorker.java:109)
	at org.testng.TestRunner.privateRun(TestRunner.java:648)
	at org.testng.TestRunner.run(TestRunner.java:505)
	at org.testng.SuiteRunner.runTest(SuiteRunner.java:455)
	at org.testng.SuiteRunner.runSequentially(SuiteRunner.java:450)
	at org.testng.SuiteRunner.privateRun(SuiteRunner.java:415)
	at org.testng.SuiteRunner.run(SuiteRunner.java:364)
	at org.testng.SuiteRunnerWorker.runSuite(SuiteRunnerWorker.java:52)
	at org.testng.SuiteRunnerWorker.run(SuiteRunnerWorker.java:84)
	at org.testng.TestNG.runSuitesSequentially(TestNG.java:1208)
	at org.testng.TestNG.runSuitesLocally(TestNG.java:1137)
	at org.testng.TestNG.runSuites(TestNG.java:1049)
	at org.testng.TestNG.run(TestNG.java:1017)
	at org.apache.maven.surefire.testng.TestNGExecutor.run(TestNGExecutor.java:115)
	at org.apache.maven.surefire.testng.TestNGDirectoryTestSuite.executeMulti(TestNGDirectoryTestSuite.java:205)
	at org.apache.maven.surefire.testng.TestNGDirectoryTestSuite.execute(TestNGDirectoryTestSuite.java:108)
	at org.apache.maven.surefire.testng.TestNGProvider.invoke(TestNGProvider.java:111)
	at org.apache.maven.surefire.booter.ForkedBooter.invokeProviderInSameClassLoader(ForkedBooter.java:203)
	at org.apache.maven.surefire.booter.ForkedBooter.runSuitesInProcess(ForkedBooter.java:155)
	at org.apache.maven.surefire.booter.ForkedBooter.main(ForkedBooter.java:103)
</pre></div></td>
<td>0</td>
<td>NegativeCurrencyTest@62a8fd44</td></tr>
<tr>
<td title='NegativeCurrencyTest.incorrectCurrentAverageExchangeRateTest()'><b>incorrectCurrentAverageExchangeRateTest</b><br>Test class: NegativeCurrencyTest<br>Parameters: a, usd</td>
<td><div><pre>java.lang.AssertionError: The following asserts failed:
	expected [400] but found [404],
	expected [true] but found [false],
	expected [400] but found [404],
	expected [true] but found [false],
	expected [400] but found [404],
	expected [true] but found [false],
	expected [400] but found [404],
	expected [true] but found [false],
	expected [400] but found [404],
	expected [true] but found [false],
	expected [400] but found [404],
	expected [true] but found [false],
	expected [400] but found [404],
	expected [true] but found [false],
	expected [400] but found [404],
	expected [true] but found [false],
	expected [400] but found [404],
	expected [true] but found [false],
	expected [400] but found [404],
	expected [true] but found [false],
	expected [400] but found [404],
	expected [true] but found [false]
	at NegativeCurrencyTest.incorrectCurrentAverageExchangeRateTest(NegativeCurrencyTest.java:19)
... Removed 30 stack frames</pre></div><a href='#' onClick='toggleBox("stack-trace1179799230", this, "Click to show all stack frames", "Click to hide stack frames")'>Click to show all stack frames</a>
<div class='stack-trace' id='stack-trace1179799230'><pre>java.lang.AssertionError: The following asserts failed:
	expected [400] but found [404],
	expected [true] but found [false],
	expected [400] but found [404],
	expected [true] but found [false],
	expected [400] but found [404],
	expected [true] but found [false],
	expected [400] but found [404],
	expected [true] but found [false],
	expected [400] but found [404],
	expected [true] but found [false],
	expected [400] but found [404],
	expected [true] but found [false],
	expected [400] but found [404],
	expected [true] but found [false],
	expected [400] but found [404],
	expected [true] but found [false],
	expected [400] but found [404],
	expected [true] but found [false],
	expected [400] but found [404],
	expected [true] but found [false],
	expected [400] but found [404],
	expected [true] but found [false]
	at org.testng.asserts.SoftAssert.assertAll(SoftAssert.java:43)
	at NegativeCurrencyTest.incorrectCurrentAverageExchangeRateTest(NegativeCurrencyTest.java:19)
	at java.base/jdk.internal.reflect.NativeMethodAccessorImpl.invoke0(Native Method)
	at java.base/jdk.internal.reflect.NativeMethodAccessorImpl.invoke(NativeMethodAccessorImpl.java:62)
	at java.base/jdk.internal.reflect.DelegatingMethodAccessorImpl.invoke(DelegatingMethodAccessorImpl.java:43)
	at java.base/java.lang.reflect.Method.invoke(Method.java:566)
	at org.testng.internal.MethodInvocationHelper.invokeMethod(MethodInvocationHelper.java:124)
	at org.testng.internal.Invoker.invokeMethod(Invoker.java:583)
	at org.testng.internal.Invoker.invokeTestMethod(Invoker.java:719)
	at org.testng.internal.Invoker.invokeTestMethods(Invoker.java:989)
	at org.testng.internal.TestMethodWorker.invokeTestMethods(TestMethodWorker.java:125)
	at org.testng.internal.TestMethodWorker.run(TestMethodWorker.java:109)
	at org.testng.TestRunner.privateRun(TestRunner.java:648)
	at org.testng.TestRunner.run(TestRunner.java:505)
	at org.testng.SuiteRunner.runTest(SuiteRunner.java:455)
	at org.testng.SuiteRunner.runSequentially(SuiteRunner.java:450)
	at org.testng.SuiteRunner.privateRun(SuiteRunner.java:415)
	at org.testng.SuiteRunner.run(SuiteRunner.java:364)
	at org.testng.SuiteRunnerWorker.runSuite(SuiteRunnerWorker.java:52)
	at org.testng.SuiteRunnerWorker.run(SuiteRunnerWorker.java:84)
	at org.testng.TestNG.runSuitesSequentially(TestNG.java:1208)
	at org.testng.TestNG.runSuitesLocally(TestNG.java:1137)
	at org.testng.TestNG.runSuites(TestNG.java:1049)
	at org.testng.TestNG.run(TestNG.java:1017)
	at org.apache.maven.surefire.testng.TestNGExecutor.run(TestNGExecutor.java:115)
	at org.apache.maven.surefire.testng.TestNGDirectoryTestSuite.executeMulti(TestNGDirectoryTestSuite.java:205)
	at org.apache.maven.surefire.testng.TestNGDirectoryTestSuite.execute(TestNGDirectoryTestSuite.java:108)
	at org.apache.maven.surefire.testng.TestNGProvider.invoke(TestNGProvider.java:111)
	at org.apache.maven.surefire.booter.ForkedBooter.invokeProviderInSameClassLoader(ForkedBooter.java:203)
	at org.apache.maven.surefire.booter.ForkedBooter.runSuitesInProcess(ForkedBooter.java:155)
	at org.apache.maven.surefire.booter.ForkedBooter.main(ForkedBooter.java:103)
</pre></div></td>
<td>0</td>
<td>NegativeCurrencyTest@62a8fd44</td></tr>
</table><p>
</body>
</html>